
*** Running vivado
    with args -log dist_mem_gen_0.vds -m64 -product Vivado -mode batch -messageDb vivado.pb -notrace -source dist_mem_gen_0.tcl


****** Vivado v2017.3 (64-bit)
  **** SW Build 2018833 on Wed Oct  4 19:58:22 MDT 2017
  **** IP Build 2016188 on Wed Oct  4 21:52:56 MDT 2017
    ** Copyright 1986-2017 Xilinx, Inc. All Rights Reserved.

source dist_mem_gen_0.tcl -notrace
Starting RTL Elaboration : Time (s): cpu = 00:00:06 ; elapsed = 00:00:07 . Memory (MB): peak = 353.906 ; gain = 93.793
INFO: [Synth 8-638] synthesizing module 'dist_mem_gen_0' [c:/Users/Francis/Desktop/EE2020_FINAL/EE2020_Design_Project/audio_effects.srcs/sources_1/ip/dist_mem_gen_0/synth/dist_mem_gen_0.vhd:66]
INFO: [Synth 8-256] done synthesizing module 'dist_mem_gen_0' (4#1) [c:/Users/Francis/Desktop/EE2020_FINAL/EE2020_Design_Project/audio_effects.srcs/sources_1/ip/dist_mem_gen_0/synth/dist_mem_gen_0.vhd:66]
Finished RTL Elaboration : Time (s): cpu = 00:05:54 ; elapsed = 00:05:57 . Memory (MB): peak = 1518.188 ; gain = 1258.074
Finished RTL Optimization Phase 1 : Time (s): cpu = 00:05:54 ; elapsed = 00:05:57 . Memory (MB): peak = 1518.188 ; gain = 1258.074
INFO: [Device 21-403] Loading part xc7a35tcpg236-1
Constraint Validation Runtime : Time (s): cpu = 00:00:00 ; elapsed = 00:00:00.059 . Memory (MB): peak = 1518.188 ; gain = 0.000
Finished Constraint Validation : Time (s): cpu = 00:06:06 ; elapsed = 00:06:13 . Memory (MB): peak = 1518.188 ; gain = 1258.074
Finished Loading Part and Timing Information : Time (s): cpu = 00:06:06 ; elapsed = 00:06:13 . Memory (MB): peak = 1518.188 ; gain = 1258.074
Finished applying 'set_property' XDC Constraints : Time (s): cpu = 00:06:06 ; elapsed = 00:06:13 . Memory (MB): peak = 1518.188 ; gain = 1258.074
Finished RTL Optimization Phase 2 : Time (s): cpu = 00:06:12 ; elapsed = 00:06:19 . Memory (MB): peak = 1518.188 ; gain = 1258.074
Finished Cross Boundary and Area Optimization : Time (s): cpu = 00:06:55 ; elapsed = 00:07:02 . Memory (MB): peak = 1599.387 ; gain = 1339.273
---------------------------------------------------------------------------------
Start ROM, RAM, DSP and Shift Register Reporting
---------------------------------------------------------------------------------

ROM:
+------------+------------+---------------+----------------+
|Module Name | RTL Object | Depth x Width | Implemented As | 
+------------+------------+---------------+----------------+
|rom         | rom[8191]  | 8192x12       | LUT            | 
+------------+------------+---------------+----------------+

---------------------------------------------------------------------------------
Finished ROM, RAM, DSP and Shift Register Reporting
---------------------------------------------------------------------------------
Finished Applying XDC Timing Constraints : Time (s): cpu = 00:07:05 ; elapsed = 00:07:12 . Memory (MB): peak = 1599.387 ; gain = 1339.273
Finished Timing Optimization : Time (s): cpu = 00:07:05 ; elapsed = 00:07:12 . Memory (MB): peak = 1599.387 ; gain = 1339.273
Finished Technology Mapping : Time (s): cpu = 00:07:05 ; elapsed = 00:07:13 . Memory (MB): peak = 1599.387 ; gain = 1339.273
Finished IO Insertion : Time (s): cpu = 00:07:07 ; elapsed = 00:07:14 . Memory (MB): peak = 1599.387 ; gain = 1339.273
Finished Renaming Generated Instances : Time (s): cpu = 00:07:07 ; elapsed = 00:07:14 . Memory (MB): peak = 1599.387 ; gain = 1339.273
Finished Rebuilding User Hierarchy : Time (s): cpu = 00:07:07 ; elapsed = 00:07:14 . Memory (MB): peak = 1599.387 ; gain = 1339.273
Finished Renaming Generated Ports : Time (s): cpu = 00:07:07 ; elapsed = 00:07:14 . Memory (MB): peak = 1599.387 ; gain = 1339.273
Finished Handling Custom Attributes : Time (s): cpu = 00:07:07 ; elapsed = 00:07:14 . Memory (MB): peak = 1599.387 ; gain = 1339.273
Finished Renaming Generated Nets : Time (s): cpu = 00:07:07 ; elapsed = 00:07:14 . Memory (MB): peak = 1599.387 ; gain = 1339.273

Report Cell Usage: 
+------+------+------+
|      |Cell  |Count |
+------+------+------+
|1     |LUT3  |     3|
|2     |LUT4  |    10|
|3     |LUT5  |    34|
|4     |LUT6  |  1285|
|5     |MUXF7 |   599|
|6     |MUXF8 |    28|
+------+------+------+
Finished Writing Synthesis Report : Time (s): cpu = 00:07:07 ; elapsed = 00:07:14 . Memory (MB): peak = 1599.387 ; gain = 1339.273
synth_design: Time (s): cpu = 00:07:10 ; elapsed = 00:07:17 . Memory (MB): peak = 1599.387 ; gain = 1348.047
