#-----------------------------------------------------------
# Vivado v2016.2 (64-bit)
# SW Build 1577090 on Thu Jun  2 16:32:40 MDT 2016
# IP Build 1577682 on Fri Jun  3 12:00:54 MDT 2016
# Start of session at: Fri Nov 03 21:11:17 2017
# Process ID: 11828
# Current directory: C:/Users/s9539968a/Desktop/Design_project
# Command line: vivado.exe -gui_launcher_event rodinguilauncherevent3680 C:\Users\s9539968a\Desktop\Design_project\audio_effects.xpr
# Log file: C:/Users/s9539968a/Desktop/Design_project/vivado.log
# Journal file: C:/Users/s9539968a/Desktop/Design_project\vivado.jou
#-----------------------------------------------------------
start_gui
open_project C:/Users/s9539968a/Desktop/Design_project/audio_effects.xpr
INFO: [Project 1-313] Project file moved from 'C:/Users/Francis/Desktop/EE2020_FINAL/EE2020_Design_Project' since last save.
Scanning sources...
Finished scanning sources
CRITICAL WARNING: [Project 1-505] Unrecognized Option Name CompiledLibDirXcelium
WARNING: [filemgmt 56-3] IPUserFilesDir: Could not find the directory '$PIPUSERFILESDIR'.
CRITICAL WARNING: [Project 1-505] Unrecognized Option Name DSANumComputeUnits
CRITICAL WARNING: [Project 1-505] Unrecognized Option Name XSimRadix
CRITICAL WARNING: [Project 1-505] Unrecognized Option Name XSimTimeUnit
CRITICAL WARNING: [Project 1-505] Unrecognized Option Name XSimArrayDisplayLimit
CRITICAL WARNING: [Project 1-505] Unrecognized Option Name XSimTraceLimit
CRITICAL WARNING: [Project 1-505] Unrecognized Option Name SimTypes
WARNING: [Project 1-231] Project 'audio_effects.xpr' was created with a future version and may or may not perform reliably with this version of Vivado. It has been opened in read-only mode for the protection of unrecognized data. Use 'File | Save Project As...' if you wish to alter a copy of the project.
INFO: [IP_Flow 19-234] Refreshing IP repositories
INFO: [IP_Flow 19-1704] No user IP repositories specified
INFO: [IP_Flow 19-2313] Loaded Vivado IP repository 'C:/Xilinx/Vivado/2016.2/data/ip'.
WARNING: [IP_Flow 19-2162] IP 'dist_mem_gen_0' is locked:
* Project containing IP 'dist_mem_gen_0' is read-only.
Please select 'Report IP Status' from the 'Tools/Report' menu or run Tcl command 'report_ip_status' for more information.
open_project: Time (s): cpu = 00:00:28 ; elapsed = 00:00:14 . Memory (MB): peak = 748.844 ; gain = 123.832
update_compile_order -fileset sources_1
save_project_as design_project C:/Users/s9539968a/Desktop/Design_project -force
save_project_as: Time (s): cpu = 00:00:19 ; elapsed = 00:00:10 . Memory (MB): peak = 775.617 ; gain = 22.383
import_files
INFO: [filemgmt 20-334] All file(s) are already imported in fileset: 'dist_mem_gen_0'
INFO: [filemgmt 20-348] Importing the appropriate files for fileset: 'dist_mem_gen_0'
INFO: [filemgmt 20-334] All file(s) are already imported in fileset: 'constrs_1'
INFO: [filemgmt 20-348] Importing the appropriate files for fileset: 'constrs_1'
INFO: [filemgmt 20-334] All file(s) are already imported in fileset: 'sim_1'
INFO: [filemgmt 20-348] Importing the appropriate files for fileset: 'sim_1'
INFO: [filemgmt 20-348] Importing the appropriate files for fileset: 'sources_1'
exit
INFO: [Common 17-206] Exiting Vivado at Fri Nov 03 21:14:19 2017...
