Copyright 1986-2016 Xilinx, Inc. All Rights Reserved.
-----------------------------------------------------------------------------------------
| Tool Version : Vivado v.2016.2 (win64) Build 1577090 Thu Jun  2 16:32:40 MDT 2016
| Date         : Sun Nov 05 19:58:08 2017
| Host         : acer running 64-bit major release  (build 9200)
| Command      : report_control_sets -verbose -file AUDIO_FX_TOP_control_sets_placed.rpt
| Design       : AUDIO_FX_TOP
| Device       : xc7a35t
-----------------------------------------------------------------------------------------

Control Set Information

Table of Contents
-----------------
1. Summary
2. Flip-Flop Distribution
3. Detailed Control Set Information

1. Summary
----------

+----------------------------------------------------------+-------+
|                          Status                          | Count |
+----------------------------------------------------------+-------+
| Number of unique control sets                            |   252 |
| Unused register locations in slices containing registers |   173 |
+----------------------------------------------------------+-------+


2. Flip-Flop Distribution
-------------------------

+--------------+-----------------------+------------------------+-----------------+--------------+
| Clock Enable | Synchronous Set/Reset | Asynchronous Set/Reset | Total Registers | Total Slices |
+--------------+-----------------------+------------------------+-----------------+--------------+
| No           | No                    | No                     |            1786 |          746 |
| No           | No                    | Yes                    |               0 |            0 |
| No           | Yes                   | No                     |            3794 |          966 |
| Yes          | No                    | No                     |              52 |           19 |
| Yes          | No                    | Yes                    |               0 |            0 |
| Yes          | Yes                   | No                     |             171 |           48 |
+--------------+-----------------------+------------------------+-----------------+--------------+


3. Detailed Control Set Information
-----------------------------------

+--------------------------------------------------+----------------------------------------------+-----------------------------------------------+------------------+----------------+
|                   Clock Signal                   |                 Enable Signal                |                Set/Reset Signal               | Slice Load Count | Bel Load Count |
+--------------------------------------------------+----------------------------------------------+-----------------------------------------------+------------------+----------------+
|  ts/cc3b20k/mtc/clk_20k3b                        |                                              |                                               |                1 |              1 |
|  ts/cc3b50k/mtc/clk_50k3b                        |                                              |                                               |                1 |              1 |
|  cc2/mtc/clk_50M                                 |                                              |                                               |                1 |              1 |
|  ts/cc3b30k/mtc/clk_30k3b                        |                                              |                                               |                1 |              1 |
|  u2/CLK                                          |                                              |                                               |                1 |              2 |
|  ex/game_speed_inter                             |                                              |                                               |                1 |              3 |
|  u2/CLK                                          | u2/shiftCounter[3]_i_1_n_0                   | u2/temp1[15]_i_1_n_0                          |                1 |              4 |
|  ex/game_speed_inter                             |                                              | ts/ex/nolabel_line50/rng/rg3/SR[0]            |                2 |              4 |
|  u2/CLK                                          | u2/temp2                                     | u2/temp1[15]_i_1_n_0                          |                1 |              4 |
|  ex/game_speed_inter                             |                                              | ts/ex/nolabel_line50/rng/rg4/SR[0]            |                3 |              4 |
|  t3/circ/slow_clock                              |                                              |                                               |                3 |              4 |
|  ts/ex/nolabel_line50/rng/cr1/mtc/CLK            |                                              |                                               |                2 |              4 |
|  ts/ex/nolabel_line50/rng/cr2/mtc/CLK            |                                              |                                               |                3 |              4 |
|  ts/ex/nolabel_line50/rng/cr3/mtc/CLK            |                                              |                                               |                3 |              4 |
|  ts/ex/nolabel_line50/rng/cr4/mtc/CLK            |                                              |                                               |                4 |              4 |
|  ex/game_speed_inter                             |                                              | ts/ex/nolabel_line50/rng/rg1/SS[0]            |                2 |              4 |
|  ex/game_speed_inter                             |                                              | ts/ex/nolabel_line50/rng/rg2/SR[0]            |                3 |              4 |
|  ts/mpt/al2/cc2b100l/mtc/CLK                     |                                              |                                               |                2 |              5 |
|  ts/mpt/ah2/cc2b100h/mtc/CLK                     |                                              |                                               |                1 |              5 |
|  ts/mpt/ao2/cc2b300off/mtc/CLK                   |                                              |                                               |                2 |              6 |
|  t3/circ/slow_clock                              | ts/t3/circ/db2/d1/freq_reg[4]_1              | ts/t3/circ/db1/d1/freq[0]                     |                3 |              6 |
|  ts/mpt/al2/cc2b100l/mtc/CLK                     | ts/mpt/al2/segtwobout_l[6]_i_2_n_0           | ts/mpt/al2/segtwobout_l0                      |                1 |              7 |
|  ts/mpt/ah2/cc2b100h/mtc/CLK                     | ts/mpt/ah2/segtwobout_h[6]_i_2_n_0           | ts/mpt/ah2/segtwobout_h0                      |                2 |              7 |
|  mpt/ah2/clk_20k2bh                              | ts/mpt/ah2/sel0[16]                          |                                               |                4 |              8 |
|  mpt/al2/clk_20k2bl                              | ts/mpt/al2/sel0[16]                          |                                               |                4 |              8 |
|  ts/ex/nolabel_line50/cm/mtc/clk_music           |                                              |                                               |                6 |              8 |
|  t2/slow_clock                                   |                                              |                                               |                3 |             10 |
|  CLK_IBUF_BUFG                                   |                                              | ts/t3/inter_an[3]_i_1_n_0                     |                3 |             11 |
|  CLK_IBUF_BUFG                                   | ts/mpt/antwobout[3]_i_1_n_0                  |                                               |                3 |             11 |
|  u2/CLK                                          | u2/temp2                                     |                                               |                3 |             12 |
|  cc20k/mtc/J_MIC3_Pin1_OBUF                      |                                              |                                               |                7 |             12 |
| ~u1/J_MIC3_Pin4_OBUF                             |                                              |                                               |                7 |             12 |
|  ts/cc3b20k/mtc/clk_20k3b                        |                                              | ts/taskthreeb/bincounter20k[12]_i_1_n_0       |                3 |             12 |
|  ts/cc3b30k/mtc/clk_30k3b                        |                                              | ts/taskthreeb/bincounter30k[12]_i_1_n_0       |                3 |             12 |
|  ts/cc3b50k/mtc/clk_50k3b                        |                                              | ts/taskthreeb/bincounter50k[12]_i_1_n_0       |                3 |             12 |
|  ts/mpo/ccview/mtc/CLK                           |                                              |                                               |                4 |             12 |
|  CLK_IBUF_BUFG                                   |                                              | cc20k/mtc/J_MIC3_Pin1_OBUF                    |                3 |             12 |
|  mpt/ah2/clk_20k2bh                              | u1/E[0]                                      | ts/mpt/ah2/sel0[16]                           |                4 |             12 |
|  CLK_IBUF_BUFG                                   | ts/taskthreeb/p_0_in                         |                                               |                5 |             13 |
|  ex/game_speed_inter                             | ts/ex/nolabel_line50/rng/score_holder_reg[0] | ts/ex/nolabel_line50/st/score_holder_reg[0]_0 |                4 |             15 |
|  ts/t2/gs12/fc/mtc/output_clock                  |                                              |                                               |                4 |             16 |
|  ts/t2/gs24/fc/mtc/output_clock                  |                                              |                                               |                5 |             16 |
|  ts/t2/gs13/fc/mtc/output_clock                  |                                              |                                               |                6 |             16 |
|  ts/t2/gs16/fc/mtc/output_clock                  |                                              |                                               |                6 |             16 |
|  ts/t2/gs17/fc/mtc/output_clock                  |                                              |                                               |                4 |             16 |
|  ts/t2/gs18/fc/mtc/output_clock                  |                                              |                                               |                4 |             16 |
|  ts/t2/gs19/fc/mtc/output_clock                  |                                              |                                               |                5 |             16 |
|  ts/t2/gs2/fc/mtc/output_clock                   |                                              |                                               |                5 |             16 |
|  ts/t2/gs20/fc/mtc/output_clock                  |                                              |                                               |                6 |             16 |
|  ts/t2/gs21/fc/mtc/output_clock                  |                                              |                                               |                5 |             16 |
|  ts/t2/gs22/fc/mtc/output_clock                  |                                              |                                               |                6 |             16 |
|  ts/t2/gs23/fc/mtc/output_clock                  |                                              |                                               |                5 |             16 |
|  ts/t2/gs42/fc/mtc/output_clock                  |                                              |                                               |                6 |             16 |
|  ts/t2/gs43/fc/mtc/output_clock                  |                                              |                                               |                7 |             16 |
|  ts/t2/gs40/fc/mtc/output_clock                  |                                              |                                               |                3 |             16 |
|  ts/t2/gs41/fc/mtc/output_clock                  |                                              |                                               |                5 |             16 |
|  ts/t2/gs25/fc/mtc/output_clock                  |                                              |                                               |                5 |             16 |
|  ts/t2/gs26/fc/mtc/output_clock                  |                                              |                                               |                6 |             16 |
|  ts/t2/gs27/fc/mtc/output_clock                  |                                              |                                               |                5 |             16 |
|  ts/t2/gs28/fc/mtc/output_clock                  |                                              |                                               |                4 |             16 |
|  ts/t2/gs29/fc/mtc/output_clock                  |                                              |                                               |                6 |             16 |
|  ts/t2/gs3/fc/mtc/output_clock                   |                                              |                                               |                5 |             16 |
|  ts/t2/gs48/fc/mtc/output_clock                  |                                              |                                               |                9 |             16 |
|  ts/t2/gs30/fc/mtc/output_clock                  |                                              |                                               |                7 |             16 |
|  ts/t2/gs31/fc/mtc/output_clock                  |                                              |                                               |                5 |             16 |
|  ts/t2/gs32/fc/mtc/output_clock                  |                                              |                                               |                5 |             16 |
|  ts/t2/gs33/fc/mtc/output_clock                  |                                              |                                               |                6 |             16 |
|  ts/t2/gs34/fc/mtc/output_clock                  |                                              |                                               |                6 |             16 |
|  ts/t2/gs35/fc/mtc/output_clock                  |                                              |                                               |                8 |             16 |
|  ts/t2/gs36/fc/mtc/output_clock                  |                                              |                                               |                6 |             16 |
|  ts/t2/gs37/fc/mtc/output_clock                  |                                              |                                               |                6 |             16 |
|  ts/t2/gs38/fc/mtc/output_clock                  |                                              |                                               |                6 |             16 |
|  ts/t2/gs39/fc/mtc/output_clock                  |                                              |                                               |                4 |             16 |
|  ts/t2/gs4/fc/mtc/output_clock                   |                                              |                                               |                7 |             16 |
|  ts/t2/gs63/fc/mtc/output_clock                  |                                              |                                               |                6 |             16 |
|  ts/t2/gs66/fc/mtc/output_clock                  |                                              |                                               |                4 |             16 |
|  ts/t2/gs67/fc/mtc/output_clock                  |                                              |                                               |                8 |             16 |
|  ts/t2/gs68/fc/mtc/output_clock                  |                                              |                                               |                6 |             16 |
|  ts/t2/gs69/fc/mtc/output_clock                  |                                              |                                               |                5 |             16 |
|  ts/t2/gs64/fc/mtc/output_clock                  |                                              |                                               |                5 |             16 |
|  ts/t2/gs65/fc/mtc/output_clock                  |                                              |                                               |                6 |             16 |
|  ts/t2/gs49/fc/mtc/output_clock                  |                                              |                                               |                5 |             16 |
|  ts/t2/gs5/fc/mtc/output_clock                   |                                              |                                               |                5 |             16 |
|  ts/t2/gs50/fc/mtc/output_clock                  |                                              |                                               |                8 |             16 |
|  ts/t2/gs51/fc/mtc/output_clock                  |                                              |                                               |                5 |             16 |
|  ts/t2/gs52/fc/mtc/output_clock                  |                                              |                                               |                9 |             16 |
|  ts/t2/gs53/fc/mtc/output_clock                  |                                              |                                               |               10 |             16 |
|  ts/t2/gs54/fc/mtc/output_clock                  |                                              |                                               |                5 |             16 |
|  ts/ex/nolabel_line50/st/gs4/fc/mtc/output_clock |                                              |                                               |                5 |             16 |
|  ts/ex/nolabel_line50/st/gs1/fc/mtc/output_clock |                                              |                                               |                6 |             16 |
|  ts/ex/nolabel_line50/st/gs2/fc/mtc/output_clock |                                              |                                               |               10 |             16 |
|  ts/ex/nolabel_line50/st/gs3/fc/mtc/output_clock |                                              |                                               |                6 |             16 |
|  ts/t2/gs14/fc/mtc/output_clock                  |                                              |                                               |                4 |             16 |
|  ts/t2/gs15/fc/mtc/output_clock                  |                                              |                                               |                5 |             16 |
|  ts/t2/gs59/fc/mtc/output_clock                  |                                              |                                               |                5 |             16 |
|  ts/t2/gs6/fc/mtc/output_clock                   |                                              |                                               |                5 |             16 |
|  ts/t2/gs60/fc/mtc/output_clock                  |                                              |                                               |                5 |             16 |
|  ts/t2/gs61/fc/mtc/output_clock                  |                                              |                                               |                7 |             16 |
|  ts/t2/gs62/fc/mtc/output_clock                  |                                              |                                               |                7 |             16 |
|  ts/t2/gs7/fc/mtc/output_clock                   |                                              |                                               |                5 |             16 |
|  ts/t2/gs85/fc/mtc/output_clock                  |                                              |                                               |                5 |             16 |
|  ts/t2/gs55/fc/mtc/output_clock                  |                                              |                                               |                4 |             16 |
|  ts/t2/gs70/fc/mtc/output_clock                  |                                              |                                               |                5 |             16 |
|  ts/t2/gs71/fc/mtc/output_clock                  |                                              |                                               |                5 |             16 |
|  ts/t2/gs72/fc/mtc/output_clock                  |                                              |                                               |                7 |             16 |
|  ts/t2/gs73/fc/mtc/output_clock                  |                                              |                                               |                6 |             16 |
|  ts/t2/gs74/fc/mtc/output_clock                  |                                              |                                               |                5 |             16 |
|  ts/t2/gs75/fc/mtc/output_clock                  |                                              |                                               |                7 |             16 |
|  ts/t2/gs76/fc/mtc/output_clock                  |                                              |                                               |                7 |             16 |
|  ts/t2/gs77/fc/mtc/output_clock                  |                                              |                                               |                7 |             16 |
|  ts/t2/gs78/fc/mtc/output_clock                  |                                              |                                               |                7 |             16 |
|  ts/t2/gs79/fc/mtc/output_clock                  |                                              |                                               |                4 |             16 |
|  ts/t2/gs8/fc/mtc/output_clock                   |                                              |                                               |                6 |             16 |
|  ts/t2/gs80/fc/mtc/output_clock                  |                                              |                                               |                5 |             16 |
|  ts/t2/gs81/fc/mtc/output_clock                  |                                              |                                               |                6 |             16 |
|  ts/t2/gs82/fc/mtc/output_clock                  |                                              |                                               |                8 |             16 |
|  ts/t2/gs83/fc/mtc/output_clock                  |                                              |                                               |                5 |             16 |
|  ts/t2/gs9/fc/mtc/output_clock                   |                                              |                                               |                6 |             16 |
|  ts/t2/gs56/fc/mtc/output_clock                  |                                              |                                               |                4 |             16 |
|  ts/t2/gs57/fc/mtc/output_clock                  |                                              |                                               |                6 |             16 |
|  ts/t2/gs58/fc/mtc/output_clock                  |                                              |                                               |                6 |             16 |
|  CLK_IBUF_BUFG                                   | ts/mpt/led_display[15]_i_2_n_0               | ts/mpt/led_display[15]_i_1_n_0                |                6 |             16 |
|  ts/t2/gs44/fc/mtc/output_clock                  |                                              |                                               |                8 |             16 |
|  mpt/ah2/clk_20k2bh                              |                                              |                                               |               10 |             16 |
|  ts/t2/gs45/fc/mtc/output_clock                  |                                              |                                               |                4 |             16 |
|  ts/t2/gs46/fc/mtc/output_clock                  |                                              |                                               |                9 |             16 |
|  mpt/al2/clk_20k2bl                              |                                              |                                               |                9 |             16 |
|  ts/t2/gs47/fc/mtc/output_clock                  |                                              |                                               |                7 |             16 |
|  ts/t2/gs10/fc/mtc/output_clock                  |                                              |                                               |                6 |             16 |
|  ts/t2/gs11/fc/mtc/output_clock                  |                                              |                                               |                5 |             16 |
|  ts/t2/gs84/fc/mtc/output_clock                  |                                              |                                               |                6 |             16 |
|  t3/circ/slow_clock                              | ts/t3/circ/db2/d0/freq_reg[1]                | ts/t3/circ/db2/d1/freq[0]                     |                5 |             25 |
|  CLK_IBUF_BUFG                                   |                                              | sw_IBUF[3]                                    |               16 |             28 |
|  t2/slow_clock                                   | ts/t2/db1/d1/state_reg[3]                    | ts/t2/db2/d1/state_reg[10]_0                  |                8 |             29 |
|  CLK_IBUF_BUFG                                   |                                              | ts/ex/clvl3/mtc/clear                         |                8 |             32 |
|  CLK_IBUF_BUFG                                   |                                              | ts/ex/nolabel_line50/cm/mtc/clear             |                8 |             32 |
|  CLK_IBUF_BUFG                                   |                                              | ts/ex/nolabel_line50/rng/cr1/mtc/clear        |                8 |             32 |
|  CLK_IBUF_BUFG                                   |                                              | ts/ex/nolabel_line50/rng/cr2/mtc/clear        |                8 |             32 |
|  CLK_IBUF_BUFG                                   |                                              | ts/ex/nolabel_line50/rng/cr3/mtc/clear        |                8 |             32 |
|  CLK_IBUF_BUFG                                   |                                              | ts/ex/nolabel_line50/rng/cr4/mtc/clear        |                8 |             32 |
|  CLK_IBUF_BUFG                                   |                                              | ts/ex/nolabel_line50/st/gs4/fc/mtc/clear      |                8 |             32 |
|  CLK_IBUF_BUFG                                   |                                              | ts/ex/nolabel_line50/st/gs1/fc/mtc/clear      |                8 |             32 |
|  CLK_IBUF_BUFG                                   |                                              | ts/ex/nolabel_line50/st/gs2/fc/mtc/clear      |                8 |             32 |
|  CLK_IBUF_BUFG                                   |                                              | ts/ex/nolabel_line50/st/gs3/fc/mtc/clear      |                8 |             32 |
|  CLK_IBUF_BUFG                                   |                                              | ts/t2/fc1/mtc/clear                           |                8 |             32 |
|  CLK_IBUF_BUFG                                   |                                              | ts/t2/gs14/fc/mtc/clear                       |                8 |             32 |
|  CLK_IBUF_BUFG                                   |                                              | ts/t2/gs15/fc/mtc/clear                       |                8 |             32 |
|  CLK_IBUF_BUFG                                   |                                              | ts/t2/gs55/fc/mtc/clear                       |                8 |             32 |
|  CLK_IBUF_BUFG                                   |                                              | ts/t2/gs56/fc/mtc/clear                       |                8 |             32 |
|  CLK_IBUF_BUFG                                   |                                              | ts/t2/gs57/fc/mtc/clear                       |                8 |             32 |
|  CLK_IBUF_BUFG                                   |                                              | ts/t2/gs58/fc/mtc/clear                       |                8 |             32 |
|  CLK_IBUF_BUFG                                   |                                              | ts/t2/gs44/fc/mtc/clear                       |                8 |             32 |
|  CLK_IBUF_BUFG                                   |                                              | ts/t2/gs45/fc/mtc/clear                       |                8 |             32 |
|  CLK_IBUF_BUFG                                   |                                              | ts/t2/gs46/fc/mtc/clear                       |                8 |             32 |
|  CLK_IBUF_BUFG                                   |                                              | ts/t2/gs47/fc/mtc/clear                       |                8 |             32 |
|  CLK_IBUF_BUFG                                   |                                              | ts/t2/gs10/fc/mtc/clear                       |                8 |             32 |
|  CLK_IBUF_BUFG                                   |                                              | ts/t2/gs11/fc/mtc/clear                       |                8 |             32 |
|  CLK_IBUF_BUFG                                   |                                              | ts/t2/gs12/fc/mtc/clear                       |                8 |             32 |
|  CLK_IBUF_BUFG                                   |                                              | ts/t2/gs24/fc/mtc/clear                       |                8 |             32 |
|  CLK_IBUF_BUFG                                   |                                              | ts/t2/gs13/fc/mtc/clear                       |                8 |             32 |
|  CLK_IBUF_BUFG                                   |                                              | ts/t2/gs16/fc/mtc/clear                       |                8 |             32 |
|  CLK_IBUF_BUFG                                   |                                              | ts/t2/gs17/fc/mtc/clear                       |                8 |             32 |
|  CLK_IBUF_BUFG                                   |                                              | ts/t2/gs18/fc/mtc/clear                       |                8 |             32 |
|  CLK_IBUF_BUFG                                   |                                              | ts/t2/gs19/fc/mtc/clear                       |                8 |             32 |
|  CLK_IBUF_BUFG                                   |                                              | ts/t2/gs2/fc/mtc/clear                        |                8 |             32 |
|  CLK_IBUF_BUFG                                   |                                              | ts/t2/gs20/fc/mtc/clear                       |                8 |             32 |
|  CLK_IBUF_BUFG                                   |                                              | ts/t2/gs21/fc/mtc/clear                       |                8 |             32 |
|  CLK_IBUF_BUFG                                   |                                              | ts/t2/gs22/fc/mtc/clear                       |                8 |             32 |
|  CLK_IBUF_BUFG                                   |                                              | ts/t2/gs23/fc/mtc/clear                       |                8 |             32 |
|  CLK_IBUF_BUFG                                   |                                              | ts/t2/gs42/fc/mtc/clear                       |                8 |             32 |
|  CLK_IBUF_BUFG                                   |                                              | ts/t2/gs43/fc/mtc/clear                       |                8 |             32 |
|  CLK_IBUF_BUFG                                   |                                              | ts/t2/gs41/fc/mtc/clear                       |                8 |             32 |
|  CLK_IBUF_BUFG                                   |                                              | ts/t2/gs25/fc/mtc/clear                       |                8 |             32 |
|  CLK_IBUF_BUFG                                   |                                              | ts/t2/gs26/fc/mtc/clear                       |                8 |             32 |
|  CLK_IBUF_BUFG                                   |                                              | ts/t2/gs27/fc/mtc/clear                       |                8 |             32 |
|  CLK_IBUF_BUFG                                   |                                              | ts/t2/gs28/fc/mtc/clear                       |                8 |             32 |
|  CLK_IBUF_BUFG                                   |                                              | ts/t2/gs29/fc/mtc/clear                       |                8 |             32 |
|  CLK_IBUF_BUFG                                   |                                              | ts/t2/gs3/fc/mtc/clear                        |                8 |             32 |
|  CLK_IBUF_BUFG                                   |                                              | ts/t2/gs48/fc/mtc/clear                       |                8 |             32 |
|  CLK_IBUF_BUFG                                   |                                              | ts/t2/gs30/fc/mtc/clear                       |                8 |             32 |
|  CLK_IBUF_BUFG                                   |                                              | ts/t2/gs31/fc/mtc/clear                       |                8 |             32 |
|  CLK_IBUF_BUFG                                   |                                              | ts/t2/gs32/fc/mtc/clear                       |                8 |             32 |
|  CLK_IBUF_BUFG                                   |                                              | ts/t2/gs33/fc/mtc/clear                       |                8 |             32 |
|  CLK_IBUF_BUFG                                   |                                              | ts/t2/gs34/fc/mtc/clear                       |                8 |             32 |
|  CLK_IBUF_BUFG                                   |                                              | ts/t2/gs35/fc/mtc/clear                       |                8 |             32 |
|  CLK_IBUF_BUFG                                   |                                              | ts/t2/gs36/fc/mtc/clear                       |                8 |             32 |
|  CLK_IBUF_BUFG                                   |                                              | ts/t2/gs37/fc/mtc/clear                       |                8 |             32 |
|  CLK_IBUF_BUFG                                   |                                              | ts/t2/gs38/fc/mtc/clear                       |                8 |             32 |
|  CLK_IBUF_BUFG                                   |                                              | ts/t2/gs39/fc/mtc/clear                       |                8 |             32 |
|  CLK_IBUF_BUFG                                   |                                              | ts/t2/gs4/fc/mtc/clear                        |                8 |             32 |
|  CLK_IBUF_BUFG                                   |                                              | ts/t2/gs40/fc/mtc/clear                       |                8 |             32 |
|  CLK_IBUF_BUFG                                   |                                              | ts/t2/gs63/fc/mtc/clear                       |                8 |             32 |
|  CLK_IBUF_BUFG                                   |                                              | ts/t2/gs66/fc/mtc/clear                       |                8 |             32 |
|  CLK_IBUF_BUFG                                   |                                              | ts/t2/gs67/fc/mtc/clear                       |                8 |             32 |
|  CLK_IBUF_BUFG                                   |                                              | ts/t2/gs68/fc/mtc/clear                       |                8 |             32 |
|  CLK_IBUF_BUFG                                   |                                              | ts/t2/gs69/fc/mtc/clear                       |                8 |             32 |
|  CLK_IBUF_BUFG                                   |                                              | ts/t2/gs64/fc/mtc/clear                       |                8 |             32 |
|  CLK_IBUF_BUFG                                   |                                              | ts/t2/gs65/fc/mtc/clear                       |                8 |             32 |
|  CLK_IBUF_BUFG                                   |                                              | ts/t2/gs49/fc/mtc/clear                       |                8 |             32 |
|  CLK_IBUF_BUFG                                   |                                              | ts/t2/gs5/fc/mtc/clear                        |                8 |             32 |
|  CLK_IBUF_BUFG                                   |                                              | ts/t2/gs50/fc/mtc/clear                       |                8 |             32 |
|  CLK_IBUF_BUFG                                   |                                              | ts/t2/gs51/fc/mtc/clear                       |                8 |             32 |
|  CLK_IBUF_BUFG                                   |                                              | ts/t2/gs52/fc/mtc/clear                       |                8 |             32 |
|  CLK_IBUF_BUFG                                   |                                              | ts/t2/gs53/fc/mtc/clear                       |                8 |             32 |
|  CLK_IBUF_BUFG                                   |                                              | ts/t2/gs54/fc/mtc/clear                       |                8 |             32 |
|  CLK_IBUF_BUFG                                   |                                              | ts/t2/gs59/fc/mtc/clear                       |                8 |             32 |
|  CLK_IBUF_BUFG                                   |                                              | ts/t2/gs6/fc/mtc/clear                        |                8 |             32 |
|  CLK_IBUF_BUFG                                   |                                              | ts/t2/gs60/fc/mtc/clear                       |                8 |             32 |
|  CLK_IBUF_BUFG                                   |                                              | ts/t2/gs61/fc/mtc/clear                       |                8 |             32 |
|  CLK_IBUF_BUFG                                   |                                              | ts/t2/gs62/fc/mtc/clear                       |                8 |             32 |
|  CLK_IBUF_BUFG                                   |                                              | ts/t2/gs7/fc/mtc/clear                        |                8 |             32 |
|  CLK_IBUF_BUFG                                   |                                              | ts/t3/fc0/mtc/clear                           |                8 |             32 |
|  CLK_IBUF_BUFG                                   |                                              | ts/t2/gs85/fc/mtc/clear                       |                8 |             32 |
|  CLK_IBUF_BUFG                                   |                                              | ts/t2/gs9/fc/mtc/clear                        |                8 |             32 |
|  CLK_IBUF_BUFG                                   |                                              | ts/t2/gs70/fc/mtc/clear                       |                8 |             32 |
|  CLK_IBUF_BUFG                                   |                                              | ts/t2/gs71/fc/mtc/clear                       |                8 |             32 |
|  CLK_IBUF_BUFG                                   |                                              | ts/t2/gs72/fc/mtc/clear                       |                8 |             32 |
|  CLK_IBUF_BUFG                                   |                                              | ts/t2/gs73/fc/mtc/clear                       |                8 |             32 |
|  CLK_IBUF_BUFG                                   |                                              | ts/t2/gs74/fc/mtc/clear                       |                8 |             32 |
|  CLK_IBUF_BUFG                                   |                                              | ts/t2/gs75/fc/mtc/clear                       |                8 |             32 |
|  CLK_IBUF_BUFG                                   |                                              | ts/t2/gs76/fc/mtc/clear                       |                8 |             32 |
|  CLK_IBUF_BUFG                                   |                                              | ts/t2/gs77/fc/mtc/clear                       |                8 |             32 |
|  CLK_IBUF_BUFG                                   |                                              | ts/t2/gs78/fc/mtc/clear                       |                8 |             32 |
|  CLK_IBUF_BUFG                                   |                                              | ts/t2/gs79/fc/mtc/clear                       |                8 |             32 |
|  CLK_IBUF_BUFG                                   |                                              | ts/t2/gs8/fc/mtc/clear                        |                8 |             32 |
|  CLK_IBUF_BUFG                                   |                                              | ts/t2/gs80/fc/mtc/clear                       |                8 |             32 |
|  CLK_IBUF_BUFG                                   |                                              | ts/t2/gs81/fc/mtc/clear                       |                8 |             32 |
|  CLK_IBUF_BUFG                                   |                                              | ts/t2/gs82/fc/mtc/clear                       |                8 |             32 |
|  CLK_IBUF_BUFG                                   |                                              | ts/t2/gs83/fc/mtc/clear                       |                8 |             32 |
|  CLK_IBUF_BUFG                                   |                                              | ts/t2/gs84/fc/mtc/clear                       |                8 |             32 |
|  CLK_IBUF_BUFG                                   |                                              | ts/t3/circ/fc/mtc/clear                       |                8 |             32 |
|  CLK_IBUF_BUFG                                   |                                              | ts/t3/circ/fc1/mtc/clear                      |                8 |             32 |
|  CLK_IBUF_BUFG                                   |                                              | cc2/mtc/clear                                 |                8 |             32 |
|  CLK_IBUF_BUFG                                   |                                              | cc20k/mtc/clear                               |                8 |             32 |
|  CLK_IBUF_BUFG                                   |                                              | ts/cc3b20k/mtc/clear                          |                8 |             32 |
|  CLK_IBUF_BUFG                                   |                                              | ts/cc3b30k/mtc/clear                          |                8 |             32 |
|  CLK_IBUF_BUFG                                   |                                              | ts/cc3b50k/mtc/clear                          |                8 |             32 |
|  mpt/ah2/clk_20k2bh                              |                                              | ts/mpt/ah2/sel0[16]                           |                8 |             32 |
|  CLK_IBUF_BUFG                                   |                                              | ts/mpo/ccview/mtc/clear                       |                8 |             32 |
|  CLK_IBUF_BUFG                                   |                                              | ts/mpt/al2/cc2b100l/mtc/clear                 |                8 |             32 |
|  CLK_IBUF_BUFG                                   |                                              | ts/mpt/al2/cc2b20kl/mtc/clear                 |                8 |             32 |
|  CLK_IBUF_BUFG                                   |                                              | ts/mpt/ah2/cc2b100h/mtc/clear                 |                8 |             32 |
|  CLK_IBUF_BUFG                                   |                                              | ts/mpt/ah2/cc2b20kh/mtc/clear                 |                8 |             32 |
|  CLK_IBUF_BUFG                                   |                                              | ts/mpt/ao2/cc2b300off/mtc/clear               |                8 |             32 |
|  CLK_IBUF_BUFG                                   |                                              | ts/ex/cdebug/mtc/clear                        |                8 |             32 |
|  CLK_IBUF_BUFG                                   |                                              | ts/ex/clvl1/mtc/clear                         |                8 |             32 |
|  CLK_IBUF_BUFG                                   |                                              | ts/ex/clvl2/mtc/clear                         |                8 |             32 |
|  t3/circ/slower_clk                              |                                              | ts/t3/circ/clear                              |                9 |             32 |
|  mpt/al2/clk_20k2bl                              |                                              | ts/mpt/al2/sel0[16]                           |               12 |             43 |
|  t3/circ/slower_clk                              | ts/t3/circ/read_reg_rep[13]_i_2_n_1          | ts/t3/circ/read                               |               13 |             46 |
|  CLK_IBUF_BUFG                                   |                                              |                                               |              139 |            223 |
|  t3/clk_10k                                      |                                              |                                               |              264 |            972 |
+--------------------------------------------------+----------------------------------------------+-----------------------------------------------+------------------+----------------+


