Copyright 1986-2016 Xilinx, Inc. All Rights Reserved.
----------------------------------------------------------------------------------------------------------------------------------------------------------
| Tool Version     : Vivado v.2016.2 (win64) Build 1577090 Thu Jun  2 16:32:40 MDT 2016
| Date             : Sun Nov 05 19:59:34 2017
| Host             : acer running 64-bit major release  (build 9200)
| Command          : report_power -file AUDIO_FX_TOP_power_routed.rpt -pb AUDIO_FX_TOP_power_summary_routed.pb -rpx AUDIO_FX_TOP_power_routed.rpx
| Design           : AUDIO_FX_TOP
| Device           : xc7a35tcpg236-1
| Design State     : routed
| Grade            : commercial
| Process          : typical
| Characterization : Production
----------------------------------------------------------------------------------------------------------------------------------------------------------

Power Report

Table of Contents
-----------------
1. Summary
1.1 On-Chip Components
1.2 Power Supply Summary
1.3 Confidence Level
2. Settings
2.1 Environment
2.2 Clock Constraints
3. Detailed Reports
3.1 By Hierarchy

1. Summary
----------

+--------------------------+-------+
| Total On-Chip Power (W)  | 0.303 |
| Dynamic (W)              | 0.230 |
| Device Static (W)        | 0.072 |
| Effective TJA (C/W)      | 5.0   |
| Max Ambient (C)          | 83.5  |
| Junction Temperature (C) | 26.5  |
| Confidence Level         | Low   |
| Setting File             | ---   |
| Simulation Activity File | ---   |
| Design Nets Matched      | NA    |
+--------------------------+-------+


1.1 On-Chip Components
----------------------

+-------------------------+-----------+----------+-----------+-----------------+
| On-Chip                 | Power (W) | Used     | Available | Utilization (%) |
+-------------------------+-----------+----------+-----------+-----------------+
| Clocks                  |     0.022 |        3 |       --- |             --- |
| Slice Logic             |     0.089 |    32696 |       --- |             --- |
|   LUT as Logic          |     0.080 |    17096 |     20800 |           82.19 |
|   CARRY4                |     0.006 |     3491 |      8150 |           42.83 |
|   Register              |     0.002 |     5803 |     41600 |           13.95 |
|   F7/F8 Muxes           |    <0.001 |     2210 |     32600 |            6.78 |
|   BUFG                  |    <0.001 |        7 |        32 |           21.88 |
|   Others                |     0.000 |      474 |       --- |             --- |
|   LUT as Shift Register |     0.000 |      948 |      9600 |            9.88 |
| Signals                 |     0.083 |    23423 |       --- |             --- |
| Block RAM               |     0.000 |        6 |        50 |           12.00 |
| I/O                     |     0.036 |       69 |       106 |           65.09 |
| Static Power            |     0.072 |          |           |                 |
| Total                   |     0.303 |          |           |                 |
+-------------------------+-----------+----------+-----------+-----------------+


1.2 Power Supply Summary
------------------------

+-----------+-------------+-----------+-------------+------------+
| Source    | Voltage (V) | Total (A) | Dynamic (A) | Static (A) |
+-----------+-------------+-----------+-------------+------------+
| Vccint    |       1.000 |     0.204 |       0.194 |      0.010 |
| Vccaux    |       1.800 |     0.014 |       0.001 |      0.013 |
| Vcco33    |       3.300 |     0.011 |       0.010 |      0.001 |
| Vcco25    |       2.500 |     0.000 |       0.000 |      0.000 |
| Vcco18    |       1.800 |     0.000 |       0.000 |      0.000 |
| Vcco15    |       1.500 |     0.000 |       0.000 |      0.000 |
| Vcco135   |       1.350 |     0.000 |       0.000 |      0.000 |
| Vcco12    |       1.200 |     0.000 |       0.000 |      0.000 |
| Vccaux_io |       1.800 |     0.000 |       0.000 |      0.000 |
| Vccbram   |       1.000 |     0.000 |       0.000 |      0.000 |
| MGTAVcc   |       1.000 |     0.000 |       0.000 |      0.000 |
| MGTAVtt   |       1.200 |     0.000 |       0.000 |      0.000 |
| Vccadc    |       1.800 |     0.020 |       0.000 |      0.020 |
+-----------+-------------+-----------+-------------+------------+


1.3 Confidence Level
--------------------

+-----------------------------+------------+--------------------------------------------------------+--------------------------------------------------------------------------------------------------------------------+
| User Input Data             | Confidence | Details                                                | Action                                                                                                             |
+-----------------------------+------------+--------------------------------------------------------+--------------------------------------------------------------------------------------------------------------------+
| Design implementation state | High       | Design is routed                                       |                                                                                                                    |
| Clock nodes activity        | Low        | User specified less than 75% of clocks                 | Provide missing clock activity with a constraint file, simulation results or by editing the "By Clock Domain" view |
| I/O nodes activity          | Low        | More than 75% of inputs are missing user specification | Provide missing input activity with simulation results or by editing the "By Resource Type -> I/Os" view           |
| Internal nodes activity     | Medium     | User specified less than 25% of internal nodes         | Provide missing internal nodes activity with simulation results or by editing the "By Resource Type" views         |
| Device models               | High       | Device models are Production                           |                                                                                                                    |
|                             |            |                                                        |                                                                                                                    |
| Overall confidence level    | Low        |                                                        |                                                                                                                    |
+-----------------------------+------------+--------------------------------------------------------+--------------------------------------------------------------------------------------------------------------------+


2. Settings
-----------

2.1 Environment
---------------

+-----------------------+--------------------------+
| Ambient Temp (C)      | 25.0                     |
| ThetaJA (C/W)         | 5.0                      |
| Airflow (LFM)         | 250                      |
| Heat Sink             | medium (Medium Profile)  |
| ThetaSA (C/W)         | 4.6                      |
| Board Selection       | medium (10"x10")         |
| # of Board Layers     | 12to15 (12 to 15 Layers) |
| Board Temperature (C) | 25.0                     |
+-----------------------+--------------------------+


2.2 Clock Constraints
---------------------

+-------------+--------+-----------------+
| Clock       | Domain | Constraint (ns) |
+-------------+--------+-----------------+
| sys_clk_pin | CLK    |            10.0 |
+-------------+--------+-----------------+


3. Detailed Reports
-------------------

3.1 By Hierarchy
----------------

+----------------------+-----------+
| Name                 | Power (W) |
+----------------------+-----------+
| AUDIO_FX_TOP         |     0.230 |
|   cc2                |    <0.001 |
|     mtc              |    <0.001 |
|   cc20k              |    <0.001 |
|     mtc              |    <0.001 |
|   ts                 |     0.105 |
|     cc3b20k          |    <0.001 |
|       mtc            |    <0.001 |
|     cc3b30k          |    <0.001 |
|       mtc            |    <0.001 |
|     cc3b50k          |    <0.001 |
|       mtc            |    <0.001 |
|     ex               |     0.033 |
|       cdebug         |    <0.001 |
|         mtc          |    <0.001 |
|       clvl1          |    <0.001 |
|         mtc          |    <0.001 |
|       clvl2          |    <0.001 |
|         mtc          |    <0.001 |
|       clvl3          |    <0.001 |
|         mtc          |    <0.001 |
|       nolabel_line50 |     0.032 |
|         cm           |    <0.001 |
|           mtc        |    <0.001 |
|         rng          |     0.016 |
|           cr1        |    <0.001 |
|             mtc      |    <0.001 |
|           cr2        |    <0.001 |
|             mtc      |    <0.001 |
|           cr3        |    <0.001 |
|             mtc      |    <0.001 |
|           cr4        |    <0.001 |
|             mtc      |    <0.001 |
|           rg1        |     0.003 |
|           rg2        |     0.003 |
|           rg3        |     0.004 |
|           rg4        |     0.004 |
|         ss2          |    <0.001 |
|         st           |     0.014 |
|           dd2        |     0.009 |
|           gs1        |    <0.001 |
|             cs       |    <0.001 |
|               sl     |     0.000 |
|             fc       |    <0.001 |
|               mtc    |    <0.001 |
|           gs2        |    <0.001 |
|             cs       |    <0.001 |
|               sl     |     0.000 |
|             fc       |    <0.001 |
|               mtc    |    <0.001 |
|           gs3        |    <0.001 |
|             cs       |    <0.001 |
|               sl     |     0.000 |
|             fc       |    <0.001 |
|               mtc    |    <0.001 |
|           gs4        |    <0.001 |
|             cs       |    <0.001 |
|               sl     |     0.000 |
|             fc       |    <0.001 |
|               mtc    |    <0.001 |
|     mpo              |    <0.001 |
|       ccview         |    <0.001 |
|         mtc          |    <0.001 |
|     mpt              |     0.003 |
|       ah2            |    <0.001 |
|         cc2b100h     |    <0.001 |
|           mtc        |    <0.001 |
|         cc2b20kh     |    <0.001 |
|           mtc        |    <0.001 |
|       al2            |    <0.001 |
|         cc2b100l     |    <0.001 |
|           mtc        |    <0.001 |
|         cc2b20kl     |    <0.001 |
|           mtc        |    <0.001 |
|       ao2            |    <0.001 |
|         cc2b300off   |    <0.001 |
|           mtc        |    <0.001 |
|     t2               |     0.043 |
|       db1            |    <0.001 |
|         d0           |     0.000 |
|         d1           |    <0.001 |
|       db2            |    <0.001 |
|         d0           |    <0.001 |
|         d1           |    <0.001 |
|       dtd            |    <0.001 |
|       fc1            |    <0.001 |
|         mtc          |    <0.001 |
|       gs10           |    <0.001 |
|         cs           |    <0.001 |
|           sl         |     0.000 |
|         fc           |    <0.001 |
|           mtc        |    <0.001 |
|       gs11           |    <0.001 |
|         cs           |    <0.001 |
|           sl         |     0.000 |
|         fc           |    <0.001 |
|           mtc        |    <0.001 |
|       gs12           |    <0.001 |
|         cs           |    <0.001 |
|           sl         |     0.000 |
|         fc           |    <0.001 |
|           mtc        |    <0.001 |
|       gs13           |    <0.001 |
|         cs           |    <0.001 |
|           sl         |     0.000 |
|         fc           |    <0.001 |
|           mtc        |    <0.001 |
|       gs14           |    <0.001 |
|         cs           |    <0.001 |
|           sl         |     0.000 |
|         fc           |    <0.001 |
|           mtc        |    <0.001 |
|       gs15           |    <0.001 |
|         cs           |    <0.001 |
|           sl         |     0.000 |
|         fc           |    <0.001 |
|           mtc        |    <0.001 |
|       gs16           |    <0.001 |
|         cs           |    <0.001 |
|           sl         |     0.000 |
|         fc           |    <0.001 |
|           mtc        |    <0.001 |
|       gs17           |    <0.001 |
|         cs           |    <0.001 |
|           sl         |     0.000 |
|         fc           |    <0.001 |
|           mtc        |    <0.001 |
|       gs18           |    <0.001 |
|         cs           |    <0.001 |
|           sl         |     0.000 |
|         fc           |    <0.001 |
|           mtc        |    <0.001 |
|       gs19           |    <0.001 |
|         cs           |    <0.001 |
|           sl         |     0.000 |
|         fc           |    <0.001 |
|           mtc        |    <0.001 |
|       gs2            |    <0.001 |
|         cs           |    <0.001 |
|           sl         |     0.000 |
|         fc           |    <0.001 |
|           mtc        |    <0.001 |
|       gs20           |    <0.001 |
|         cs           |    <0.001 |
|           sl         |     0.000 |
|         fc           |    <0.001 |
|           mtc        |    <0.001 |
|       gs21           |    <0.001 |
|         cs           |    <0.001 |
|           sl         |     0.000 |
|         fc           |    <0.001 |
|           mtc        |    <0.001 |
|       gs22           |    <0.001 |
|         cs           |    <0.001 |
|           sl         |     0.000 |
|         fc           |    <0.001 |
|           mtc        |    <0.001 |
|       gs23           |    <0.001 |
|         cs           |    <0.001 |
|           sl         |     0.000 |
|         fc           |    <0.001 |
|           mtc        |    <0.001 |
|       gs24           |    <0.001 |
|         cs           |    <0.001 |
|           sl         |     0.000 |
|         fc           |    <0.001 |
|           mtc        |    <0.001 |
|       gs25           |    <0.001 |
|         cs           |    <0.001 |
|           sl         |     0.000 |
|         fc           |    <0.001 |
|           mtc        |    <0.001 |
|       gs26           |    <0.001 |
|         cs           |    <0.001 |
|           sl         |     0.000 |
|         fc           |    <0.001 |
|           mtc        |    <0.001 |
|       gs27           |    <0.001 |
|         cs           |    <0.001 |
|           sl         |     0.000 |
|         fc           |    <0.001 |
|           mtc        |    <0.001 |
|       gs28           |    <0.001 |
|         cs           |    <0.001 |
|           sl         |     0.000 |
|         fc           |    <0.001 |
|           mtc        |    <0.001 |
|       gs29           |    <0.001 |
|         cs           |    <0.001 |
|           sl         |     0.000 |
|         fc           |    <0.001 |
|           mtc        |    <0.001 |
|       gs3            |    <0.001 |
|         cs           |    <0.001 |
|           sl         |     0.000 |
|         fc           |    <0.001 |
|           mtc        |    <0.001 |
|       gs30           |    <0.001 |
|         cs           |    <0.001 |
|           sl         |     0.000 |
|         fc           |    <0.001 |
|           mtc        |    <0.001 |
|       gs31           |    <0.001 |
|         cs           |    <0.001 |
|           sl         |     0.000 |
|         fc           |    <0.001 |
|           mtc        |    <0.001 |
|       gs32           |    <0.001 |
|         cs           |    <0.001 |
|           sl         |     0.000 |
|         fc           |    <0.001 |
|           mtc        |    <0.001 |
|       gs33           |    <0.001 |
|         cs           |    <0.001 |
|           sl         |     0.000 |
|         fc           |    <0.001 |
|           mtc        |    <0.001 |
|       gs34           |    <0.001 |
|         cs           |    <0.001 |
|           sl         |     0.000 |
|         fc           |    <0.001 |
|           mtc        |    <0.001 |
|       gs35           |    <0.001 |
|         cs           |    <0.001 |
|           sl         |     0.000 |
|         fc           |    <0.001 |
|           mtc        |    <0.001 |
|       gs36           |    <0.001 |
|         cs           |    <0.001 |
|           sl         |     0.000 |
|         fc           |    <0.001 |
|           mtc        |    <0.001 |
|       gs37           |    <0.001 |
|         cs           |    <0.001 |
|           sl         |     0.000 |
|         fc           |    <0.001 |
|           mtc        |    <0.001 |
|       gs38           |    <0.001 |
|         cs           |    <0.001 |
|           sl         |     0.000 |
|         fc           |    <0.001 |
|           mtc        |    <0.001 |
|       gs39           |    <0.001 |
|         cs           |    <0.001 |
|           sl         |     0.000 |
|         fc           |    <0.001 |
|           mtc        |    <0.001 |
|       gs4            |    <0.001 |
|         cs           |    <0.001 |
|           sl         |     0.000 |
|         fc           |    <0.001 |
|           mtc        |    <0.001 |
|       gs40           |    <0.001 |
|         cs           |    <0.001 |
|           sl         |     0.000 |
|         fc           |    <0.001 |
|           mtc        |    <0.001 |
|       gs41           |    <0.001 |
|         cs           |    <0.001 |
|           sl         |     0.000 |
|         fc           |    <0.001 |
|           mtc        |    <0.001 |
|       gs42           |    <0.001 |
|         cs           |    <0.001 |
|           sl         |     0.000 |
|         fc           |    <0.001 |
|           mtc        |    <0.001 |
|       gs43           |    <0.001 |
|         cs           |    <0.001 |
|           sl         |     0.000 |
|         fc           |    <0.001 |
|           mtc        |    <0.001 |
|       gs44           |    <0.001 |
|         cs           |    <0.001 |
|           sl         |     0.000 |
|         fc           |    <0.001 |
|           mtc        |    <0.001 |
|       gs45           |    <0.001 |
|         cs           |    <0.001 |
|           sl         |     0.000 |
|         fc           |    <0.001 |
|           mtc        |    <0.001 |
|       gs46           |    <0.001 |
|         cs           |    <0.001 |
|           sl         |     0.000 |
|         fc           |    <0.001 |
|           mtc        |    <0.001 |
|       gs47           |    <0.001 |
|         cs           |    <0.001 |
|           sl         |     0.000 |
|         fc           |    <0.001 |
|           mtc        |    <0.001 |
|       gs48           |    <0.001 |
|         cs           |    <0.001 |
|           sl         |     0.000 |
|         fc           |    <0.001 |
|           mtc        |    <0.001 |
|       gs49           |    <0.001 |
|         cs           |    <0.001 |
|           sl         |     0.000 |
|         fc           |    <0.001 |
|           mtc        |    <0.001 |
|       gs5            |    <0.001 |
|         cs           |    <0.001 |
|           sl         |     0.000 |
|         fc           |    <0.001 |
|           mtc        |    <0.001 |
|       gs50           |    <0.001 |
|         cs           |    <0.001 |
|           sl         |     0.000 |
|         fc           |    <0.001 |
|           mtc        |    <0.001 |
|       gs51           |    <0.001 |
|         cs           |    <0.001 |
|           sl         |     0.000 |
|         fc           |    <0.001 |
|           mtc        |    <0.001 |
|       gs52           |    <0.001 |
|         cs           |    <0.001 |
|           sl         |     0.000 |
|         fc           |    <0.001 |
|           mtc        |    <0.001 |
|       gs53           |    <0.001 |
|         cs           |    <0.001 |
|           sl         |     0.000 |
|         fc           |    <0.001 |
|           mtc        |    <0.001 |
|       gs54           |    <0.001 |
|         cs           |    <0.001 |
|           sl         |     0.000 |
|         fc           |    <0.001 |
|           mtc        |    <0.001 |
|       gs55           |    <0.001 |
|         cs           |    <0.001 |
|           sl         |     0.000 |
|         fc           |    <0.001 |
|           mtc        |    <0.001 |
|       gs56           |    <0.001 |
|         cs           |    <0.001 |
|           sl         |     0.000 |
|         fc           |    <0.001 |
|           mtc        |    <0.001 |
|       gs57           |    <0.001 |
|         cs           |    <0.001 |
|           sl         |     0.000 |
|         fc           |    <0.001 |
|           mtc        |    <0.001 |
|       gs58           |    <0.001 |
|         cs           |    <0.001 |
|           sl         |     0.000 |
|         fc           |    <0.001 |
|           mtc        |    <0.001 |
|       gs59           |    <0.001 |
|         cs           |    <0.001 |
|           sl         |     0.000 |
|         fc           |    <0.001 |
|           mtc        |    <0.001 |
|       gs6            |    <0.001 |
|         cs           |    <0.001 |
|           sl         |     0.000 |
|         fc           |    <0.001 |
|           mtc        |    <0.001 |
|       gs60           |    <0.001 |
|         cs           |    <0.001 |
|           sl         |     0.000 |
|         fc           |    <0.001 |
|           mtc        |    <0.001 |
|       gs61           |    <0.001 |
|         cs           |    <0.001 |
|           sl         |     0.000 |
|         fc           |    <0.001 |
|           mtc        |    <0.001 |
|       gs62           |    <0.001 |
|         cs           |    <0.001 |
|           sl         |     0.000 |
|         fc           |    <0.001 |
|           mtc        |    <0.001 |
|       gs63           |    <0.001 |
|         cs           |    <0.001 |
|           sl         |     0.000 |
|         fc           |    <0.001 |
|           mtc        |    <0.001 |
|       gs64           |    <0.001 |
|         cs           |    <0.001 |
|           sl         |     0.000 |
|         fc           |    <0.001 |
|           mtc        |    <0.001 |
|       gs65           |    <0.001 |
|         cs           |    <0.001 |
|           sl         |     0.000 |
|         fc           |    <0.001 |
|           mtc        |    <0.001 |
|       gs66           |    <0.001 |
|         cs           |    <0.001 |
|           sl         |     0.000 |
|         fc           |    <0.001 |
|           mtc        |    <0.001 |
|       gs67           |    <0.001 |
|         cs           |    <0.001 |
|           sl         |     0.000 |
|         fc           |    <0.001 |
|           mtc        |    <0.001 |
|       gs68           |    <0.001 |
|         cs           |    <0.001 |
|           sl         |     0.000 |
|         fc           |    <0.001 |
|           mtc        |    <0.001 |
|       gs69           |    <0.001 |
|         cs           |    <0.001 |
|           sl         |     0.000 |
|         fc           |    <0.001 |
|           mtc        |    <0.001 |
|       gs7            |    <0.001 |
|         cs           |    <0.001 |
|           sl         |     0.000 |
|         fc           |    <0.001 |
|           mtc        |    <0.001 |
|       gs70           |    <0.001 |
|         cs           |    <0.001 |
|           sl         |     0.000 |
|         fc           |    <0.001 |
|           mtc        |    <0.001 |
|       gs71           |    <0.001 |
|         cs           |    <0.001 |
|           sl         |     0.000 |
|         fc           |    <0.001 |
|           mtc        |    <0.001 |
|       gs72           |    <0.001 |
|         cs           |    <0.001 |
|           sl         |     0.000 |
|         fc           |    <0.001 |
|           mtc        |    <0.001 |
|       gs73           |    <0.001 |
|         cs           |    <0.001 |
|           sl         |     0.000 |
|         fc           |    <0.001 |
|           mtc        |    <0.001 |
|       gs74           |    <0.001 |
|         cs           |    <0.001 |
|           sl         |     0.000 |
|         fc           |    <0.001 |
|           mtc        |    <0.001 |
|       gs75           |    <0.001 |
|         cs           |    <0.001 |
|           sl         |     0.000 |
|         fc           |    <0.001 |
|           mtc        |    <0.001 |
|       gs76           |    <0.001 |
|         cs           |    <0.001 |
|           sl         |     0.000 |
|         fc           |    <0.001 |
|           mtc        |    <0.001 |
|       gs77           |    <0.001 |
|         cs           |    <0.001 |
|           sl         |     0.000 |
|         fc           |    <0.001 |
|           mtc        |    <0.001 |
|       gs78           |    <0.001 |
|         cs           |    <0.001 |
|           sl         |     0.000 |
|         fc           |    <0.001 |
|           mtc        |    <0.001 |
|       gs79           |    <0.001 |
|         cs           |    <0.001 |
|           sl         |     0.000 |
|         fc           |    <0.001 |
|           mtc        |    <0.001 |
|       gs8            |    <0.001 |
|         cs           |    <0.001 |
|           sl         |     0.000 |
|         fc           |    <0.001 |
|           mtc        |    <0.001 |
|       gs80           |    <0.001 |
|         cs           |    <0.001 |
|           sl         |     0.000 |
|         fc           |    <0.001 |
|           mtc        |    <0.001 |
|       gs81           |    <0.001 |
|         cs           |    <0.001 |
|           sl         |     0.000 |
|         fc           |    <0.001 |
|           mtc        |    <0.001 |
|       gs82           |    <0.001 |
|         cs           |    <0.001 |
|           sl         |     0.000 |
|         fc           |    <0.001 |
|           mtc        |    <0.001 |
|       gs83           |    <0.001 |
|         cs           |    <0.001 |
|           sl         |     0.000 |
|         fc           |    <0.001 |
|           mtc        |    <0.001 |
|       gs84           |    <0.001 |
|         cs           |    <0.001 |
|           sl         |     0.000 |
|         fc           |    <0.001 |
|           mtc        |    <0.001 |
|       gs85           |    <0.001 |
|         cs           |    <0.001 |
|           sl         |     0.000 |
|         fc           |    <0.001 |
|           mtc        |    <0.001 |
|       gs9            |    <0.001 |
|         cs           |    <0.001 |
|           sl         |     0.000 |
|         fc           |    <0.001 |
|           mtc        |    <0.001 |
|       ss             |    <0.001 |
|     t3               |     0.007 |
|       circ           |     0.007 |
|         db1          |    <0.001 |
|           d0         |     0.000 |
|           d1         |    <0.001 |
|         db2          |    <0.001 |
|           d0         |    <0.001 |
|           d1         |    <0.001 |
|         dtd          |     0.000 |
|         fc           |    <0.001 |
|           ftm        |    <0.001 |
|           mtc        |    <0.001 |
|         fc1          |    <0.001 |
|           mtc        |    <0.001 |
|         ss           |    <0.001 |
|       df             |     0.000 |
|       fc0            |    <0.001 |
|         mtc          |    <0.001 |
|     taskthreeb       |     0.016 |
|       dmg            |     0.012 |
|         U0           |     0.012 |
|   u1                 |    <0.001 |
|   u2                 |    <0.001 |
+----------------------+-----------+


