
*** Running vivado
    with args -log AUDIO_FX_TOP.vds -m64 -mode batch -messageDb vivado.pb -notrace -source AUDIO_FX_TOP.tcl


****** Vivado v2016.2 (64-bit)
  **** SW Build 1577090 on Thu Jun  2 16:32:40 MDT 2016
  **** IP Build 1577682 on Fri Jun  3 12:00:54 MDT 2016
    ** Copyright 1986-2016 Xilinx, Inc. All Rights Reserved.

source AUDIO_FX_TOP.tcl -notrace
Command: synth_design -top AUDIO_FX_TOP -part xc7a35tcpg236-1
Starting synth_design
Attempting to get a license for feature 'Synthesis' and/or device 'xc7a35t'
INFO: [Common 17-349] Got license for feature 'Synthesis' and/or device 'xc7a35t'
INFO: Launching helper process for spawning children vivado processes
INFO: Helper process launched with PID 11868 
---------------------------------------------------------------------------------
Starting RTL Elaboration : Time (s): cpu = 00:00:20 ; elapsed = 00:00:29 . Memory (MB): peak = 272.465 ; gain = 65.957
---------------------------------------------------------------------------------
INFO: [Synth 8-638] synthesizing module 'AUDIO_FX_TOP' [C:/Users/s9539968a/Desktop/Design_Project/audio_effects.srcs/sources_1/new/AUDIO_FX_TOP.v:14]
INFO: [Synth 8-638] synthesizing module 'FlexiClock' [C:/Users/s9539968a/Desktop/Design_Project/audio_effects.srcs/sources_1/imports/new/FlexiClock.v:23]
INFO: [Synth 8-638] synthesizing module 'frequency_to_m' [C:/Users/s9539968a/Desktop/Design_Project/audio_effects.srcs/sources_1/imports/new/frequency_to_m.v:23]
INFO: [Synth 8-256] done synthesizing module 'frequency_to_m' (1#1) [C:/Users/s9539968a/Desktop/Design_Project/audio_effects.srcs/sources_1/imports/new/frequency_to_m.v:23]
INFO: [Synth 8-638] synthesizing module 'm_to_clock' [C:/Users/s9539968a/Desktop/Design_Project/audio_effects.srcs/sources_1/imports/new/m_to_clock.v:23]
INFO: [Synth 8-256] done synthesizing module 'm_to_clock' (2#1) [C:/Users/s9539968a/Desktop/Design_Project/audio_effects.srcs/sources_1/imports/new/m_to_clock.v:23]
INFO: [Synth 8-256] done synthesizing module 'FlexiClock' (3#1) [C:/Users/s9539968a/Desktop/Design_Project/audio_effects.srcs/sources_1/imports/new/FlexiClock.v:23]
INFO: [Synth 8-638] synthesizing module 'SPI' [C:/Users/s9539968a/Desktop/Design_Project/audio_effects.srcs/sources_1/new/SPI.v:20]
INFO: [Synth 8-256] done synthesizing module 'SPI' (4#1) [C:/Users/s9539968a/Desktop/Design_Project/audio_effects.srcs/sources_1/new/SPI.v:20]
INFO: [Synth 8-638] synthesizing module 'task_selector' [C:/Users/s9539968a/Desktop/Design_Project/audio_effects.srcs/sources_1/new/task_selector.v:23]
INFO: [Synth 8-638] synthesizing module 'project_1' [C:/Users/s9539968a/Desktop/Design_Project/audio_effects.srcs/sources_1/new/project_1.v:23]
INFO: [Synth 8-256] done synthesizing module 'project_1' (5#1) [C:/Users/s9539968a/Desktop/Design_Project/audio_effects.srcs/sources_1/new/project_1.v:23]
INFO: [Synth 8-638] synthesizing module 'project_2b' [C:/Users/s9539968a/Desktop/Design_Project/audio_effects.srcs/sources_1/new/project_2b.v:23]
INFO: [Synth 8-638] synthesizing module 'averagehigh2b' [C:/Users/s9539968a/Desktop/Design_Project/audio_effects.srcs/sources_1/new/averagehigh2b.v:23]
INFO: [Synth 8-256] done synthesizing module 'averagehigh2b' (6#1) [C:/Users/s9539968a/Desktop/Design_Project/audio_effects.srcs/sources_1/new/averagehigh2b.v:23]
INFO: [Synth 8-638] synthesizing module 'averageavg2b' [C:/Users/s9539968a/Desktop/Design_Project/audio_effects.srcs/sources_1/new/averageavg2b.v:23]
INFO: [Synth 8-256] done synthesizing module 'averageavg2b' (7#1) [C:/Users/s9539968a/Desktop/Design_Project/audio_effects.srcs/sources_1/new/averageavg2b.v:23]
INFO: [Synth 8-638] synthesizing module 'averageoff2b' [C:/Users/s9539968a/Desktop/Design_Project/audio_effects.srcs/sources_1/new/averageoff2b.v:23]
INFO: [Synth 8-256] done synthesizing module 'averageoff2b' (8#1) [C:/Users/s9539968a/Desktop/Design_Project/audio_effects.srcs/sources_1/new/averageoff2b.v:23]
INFO: [Synth 8-256] done synthesizing module 'project_2b' (9#1) [C:/Users/s9539968a/Desktop/Design_Project/audio_effects.srcs/sources_1/new/project_2b.v:23]
INFO: [Synth 8-638] synthesizing module 'project_3b' [C:/Users/s9539968a/Desktop/Design_Project/audio_effects.srcs/sources_1/new/project_3b.v:23]
INFO: [Synth 8-638] synthesizing module 'dist_mem_gen_0' [C:/Users/s9539968a/Desktop/Design_Project/audio_effects.runs/synth_1/.Xil/Vivado-11548-acer/realtime/dist_mem_gen_0_stub.v:6]
INFO: [Synth 8-256] done synthesizing module 'dist_mem_gen_0' (10#1) [C:/Users/s9539968a/Desktop/Design_Project/audio_effects.runs/synth_1/.Xil/Vivado-11548-acer/realtime/dist_mem_gen_0_stub.v:6]
INFO: [Synth 8-256] done synthesizing module 'project_3b' (11#1) [C:/Users/s9539968a/Desktop/Design_Project/audio_effects.srcs/sources_1/new/project_3b.v:23]
INFO: [Synth 8-256] done synthesizing module 'task_selector' (12#1) [C:/Users/s9539968a/Desktop/Design_Project/audio_effects.srcs/sources_1/new/task_selector.v:23]
INFO: [Synth 8-638] synthesizing module 'DA2RefComp' [C:/Users/s9539968a/Desktop/Design_Project/audio_effects.srcs/sources_1/imports/audio_effects.srcs/DA2CompRef.vhd:59]
INFO: [Synth 8-256] done synthesizing module 'DA2RefComp' (13#1) [C:/Users/s9539968a/Desktop/Design_Project/audio_effects.srcs/sources_1/imports/audio_effects.srcs/DA2CompRef.vhd:59]
INFO: [Synth 8-256] done synthesizing module 'AUDIO_FX_TOP' (14#1) [C:/Users/s9539968a/Desktop/Design_Project/audio_effects.srcs/sources_1/new/AUDIO_FX_TOP.v:14]
WARNING: [Synth 8-3331] design project_3b has unconnected port btn[3]
WARNING: [Synth 8-3331] design project_3b has unconnected port btn[2]
WARNING: [Synth 8-3331] design project_2b has unconnected port btn[4]
WARNING: [Synth 8-3331] design project_2b has unconnected port btn[1]
WARNING: [Synth 8-3331] design task_selector has unconnected port sw[15]
WARNING: [Synth 8-3331] design task_selector has unconnected port sw[14]
WARNING: [Synth 8-3331] design task_selector has unconnected port sw[13]
WARNING: [Synth 8-3331] design task_selector has unconnected port sw[12]
WARNING: [Synth 8-3331] design task_selector has unconnected port sw[11]
WARNING: [Synth 8-3331] design task_selector has unconnected port sw[10]
WARNING: [Synth 8-3331] design task_selector has unconnected port sw[9]
WARNING: [Synth 8-3331] design task_selector has unconnected port sw[8]
WARNING: [Synth 8-3331] design task_selector has unconnected port sw[7]
WARNING: [Synth 8-3331] design task_selector has unconnected port sw[6]
WARNING: [Synth 8-3331] design task_selector has unconnected port sw[5]
WARNING: [Synth 8-3331] design task_selector has unconnected port sw[4]
WARNING: [Synth 8-3331] design task_selector has unconnected port sw[3]
---------------------------------------------------------------------------------
Finished RTL Elaboration : Time (s): cpu = 00:00:24 ; elapsed = 00:00:34 . Memory (MB): peak = 309.918 ; gain = 103.410
---------------------------------------------------------------------------------

Report Check Netlist: 
+------+------------------+-------+---------+-------+------------------+
|      |Item              |Errors |Warnings |Status |Description       |
+------+------------------+-------+---------+-------+------------------+
|1     |multi_driven_nets |      0|        0|Passed |Multi driven nets |
+------+------------------+-------+---------+-------+------------------+
WARNING: [Synth 8-3295] tying undriven pin u2:DATA2[11] to constant 0 [C:/Users/s9539968a/Desktop/Design_Project/audio_effects.srcs/sources_1/new/AUDIO_FX_TOP.v:65]
WARNING: [Synth 8-3295] tying undriven pin u2:DATA2[10] to constant 0 [C:/Users/s9539968a/Desktop/Design_Project/audio_effects.srcs/sources_1/new/AUDIO_FX_TOP.v:65]
WARNING: [Synth 8-3295] tying undriven pin u2:DATA2[9] to constant 0 [C:/Users/s9539968a/Desktop/Design_Project/audio_effects.srcs/sources_1/new/AUDIO_FX_TOP.v:65]
WARNING: [Synth 8-3295] tying undriven pin u2:DATA2[8] to constant 0 [C:/Users/s9539968a/Desktop/Design_Project/audio_effects.srcs/sources_1/new/AUDIO_FX_TOP.v:65]
WARNING: [Synth 8-3295] tying undriven pin u2:DATA2[7] to constant 0 [C:/Users/s9539968a/Desktop/Design_Project/audio_effects.srcs/sources_1/new/AUDIO_FX_TOP.v:65]
WARNING: [Synth 8-3295] tying undriven pin u2:DATA2[6] to constant 0 [C:/Users/s9539968a/Desktop/Design_Project/audio_effects.srcs/sources_1/new/AUDIO_FX_TOP.v:65]
WARNING: [Synth 8-3295] tying undriven pin u2:DATA2[5] to constant 0 [C:/Users/s9539968a/Desktop/Design_Project/audio_effects.srcs/sources_1/new/AUDIO_FX_TOP.v:65]
WARNING: [Synth 8-3295] tying undriven pin u2:DATA2[4] to constant 0 [C:/Users/s9539968a/Desktop/Design_Project/audio_effects.srcs/sources_1/new/AUDIO_FX_TOP.v:65]
WARNING: [Synth 8-3295] tying undriven pin u2:DATA2[3] to constant 0 [C:/Users/s9539968a/Desktop/Design_Project/audio_effects.srcs/sources_1/new/AUDIO_FX_TOP.v:65]
WARNING: [Synth 8-3295] tying undriven pin u2:DATA2[2] to constant 0 [C:/Users/s9539968a/Desktop/Design_Project/audio_effects.srcs/sources_1/new/AUDIO_FX_TOP.v:65]
WARNING: [Synth 8-3295] tying undriven pin u2:DATA2[1] to constant 0 [C:/Users/s9539968a/Desktop/Design_Project/audio_effects.srcs/sources_1/new/AUDIO_FX_TOP.v:65]
WARNING: [Synth 8-3295] tying undriven pin u2:DATA2[0] to constant 0 [C:/Users/s9539968a/Desktop/Design_Project/audio_effects.srcs/sources_1/new/AUDIO_FX_TOP.v:65]
---------------------------------------------------------------------------------
Finished RTL Optimization Phase 1 : Time (s): cpu = 00:00:25 ; elapsed = 00:00:35 . Memory (MB): peak = 309.918 ; gain = 103.410
---------------------------------------------------------------------------------
WARNING: [Project 1-486] Could not resolve non-primitive black box cell 'dist_mem_gen_0' instantiated as 'ts/taskthreeb/dmg' [C:/Users/s9539968a/Desktop/Design_Project/audio_effects.srcs/sources_1/new/project_3b.v:68]
INFO: [Device 21-403] Loading part xc7a35tcpg236-1
INFO: [Project 1-570] Preparing netlist for logic optimization

Processing XDC Constraints
Initializing timing engine
Parsing XDC File [C:/Users/s9539968a/Desktop/Design_Project/audio_effects.runs/synth_1/.Xil/Vivado-11548-acer/dcp/dist_mem_gen_0_in_context.xdc] for cell 'ts/taskthreeb/dmg'
Finished Parsing XDC File [C:/Users/s9539968a/Desktop/Design_Project/audio_effects.runs/synth_1/.Xil/Vivado-11548-acer/dcp/dist_mem_gen_0_in_context.xdc] for cell 'ts/taskthreeb/dmg'
Parsing XDC File [C:/Users/s9539968a/Desktop/Design_Project/audio_effects.srcs/constrs_1/imports/Learn/Basys3_Master.xdc]
Finished Parsing XDC File [C:/Users/s9539968a/Desktop/Design_Project/audio_effects.srcs/constrs_1/imports/Learn/Basys3_Master.xdc]
INFO: [Project 1-236] Implementation specific constraints were found while reading constraint file [C:/Users/s9539968a/Desktop/Design_Project/audio_effects.srcs/constrs_1/imports/Learn/Basys3_Master.xdc]. These constraints will be ignored for synthesis but will be used in implementation. Impacted constraints are listed in the file [.Xil/AUDIO_FX_TOP_propImpl.xdc].
Resolution: To avoid this warning, move constraints listed in [.Xil/AUDIO_FX_TOP_propImpl.xdc] to another XDC file and exclude this new file from synthesis with the used_in_synthesis property (File Properties dialog in GUI) and re-run elaboration/synthesis.
Completed Processing XDC Constraints

INFO: [Project 1-111] Unisim Transformation Summary:
No Unisim elements were transformed.

Constraint Validation Runtime : Time (s): cpu = 00:00:00 ; elapsed = 00:00:00.012 . Memory (MB): peak = 606.391 ; gain = 0.000
---------------------------------------------------------------------------------
Finished Constraint Validation : Time (s): cpu = 00:01:01 ; elapsed = 00:01:13 . Memory (MB): peak = 606.391 ; gain = 399.883
---------------------------------------------------------------------------------
---------------------------------------------------------------------------------
Start Loading Part and Timing Information
---------------------------------------------------------------------------------
Loading part: xc7a35tcpg236-1
---------------------------------------------------------------------------------
Finished Loading Part and Timing Information : Time (s): cpu = 00:01:01 ; elapsed = 00:01:13 . Memory (MB): peak = 606.391 ; gain = 399.883
---------------------------------------------------------------------------------
---------------------------------------------------------------------------------
Start Applying 'set_property' XDC Constraints
---------------------------------------------------------------------------------
---------------------------------------------------------------------------------
Finished applying 'set_property' XDC Constraints : Time (s): cpu = 00:01:01 ; elapsed = 00:01:13 . Memory (MB): peak = 606.391 ; gain = 399.883
---------------------------------------------------------------------------------
INFO: [Synth 8-5545] ROM "OUTPUT_CLOCK0" won't be mapped to RAM because address size (32) is larger than maximum supported(25)
INFO: [Synth 8-5546] ROM "antwobout_h0" won't be mapped to RAM because it is too sparse
INFO: [Synth 8-5545] ROM "antwobout_h" won't be mapped to RAM because address size (32) is larger than maximum supported(25)
INFO: [Synth 8-5546] ROM "antwobout_h0" won't be mapped to RAM because it is too sparse
INFO: [Synth 8-5545] ROM "antwobout_h" won't be mapped to RAM because address size (32) is larger than maximum supported(25)
INFO: [Synth 8-5546] ROM "antwobout_l0" won't be mapped to RAM because it is too sparse
INFO: [Synth 8-5545] ROM "antwobout_l" won't be mapped to RAM because address size (32) is larger than maximum supported(25)
INFO: [Synth 8-5546] ROM "antwobout_l0" won't be mapped to RAM because it is too sparse
INFO: [Synth 8-5545] ROM "antwobout_l" won't be mapped to RAM because address size (32) is larger than maximum supported(25)
INFO: [Synth 8-802] inferred FSM for state register 'countlabtwo_off_reg' in module 'averageoff2b'
INFO: [Synth 8-5545] ROM "led_display" won't be mapped to RAM because address size (32) is larger than maximum supported(25)
INFO: [Synth 8-5545] ROM "antwobout" won't be mapped to RAM because address size (32) is larger than maximum supported(25)
INFO: [Synth 8-802] inferred FSM for state register 'current_state_reg' in module 'DA2RefComp'
INFO: [Synth 8-5544] ROM "DONE" won't be mapped to Block RAM because address size (2) smaller than threshold (5)
---------------------------------------------------------------------------------------------------
                   State |                     New Encoding |                Previous Encoding 
---------------------------------------------------------------------------------------------------
                  iSTATE |                               00 | 00000000000000000000000000000000
                 iSTATE0 |                               01 | 00000000000000000000000000000001
                 iSTATE1 |                               10 | 00000000000000000000000000000010
                 iSTATE2 |                               11 | 00000000000000000000000000000011
*
---------------------------------------------------------------------------------------------------
INFO: [Synth 8-3354] encoded FSM with state register 'countlabtwo_off_reg' using encoding 'sequential' in module 'averageoff2b'
---------------------------------------------------------------------------------------------------
                   State |                     New Encoding |                Previous Encoding 
---------------------------------------------------------------------------------------------------
                    idle |                               00 |                               00
                shiftout |                               01 |                               01
                syncdata |                               10 |                               10
                  iSTATE |                               11 |                               11
*
---------------------------------------------------------------------------------------------------
INFO: [Synth 8-3354] encoded FSM with state register 'current_state_reg' using encoding 'sequential' in module 'DA2RefComp'
---------------------------------------------------------------------------------
Finished RTL Optimization Phase 2 : Time (s): cpu = 00:01:06 ; elapsed = 00:01:18 . Memory (MB): peak = 606.391 ; gain = 399.883
---------------------------------------------------------------------------------

Report RTL Partitions: 
+------+-------------------+------------+----------+
|      |RTL Partition      |Replication |Instances |
+------+-------------------+------------+----------+
|1     |FlexiClock         |          12|      3864|
|2     |reg__3             |           1|        12|
|3     |averagehigh2b__GC0 |           1|      1840|
|4     |averageavg2b__GC0  |           1|      2196|
|5     |averageoff2b__GC0  |           1|        21|
|6     |project_2b__GC0    |           1|       733|
|7     |task_selector__GC0 |           1|       823|
|8     |AUDIO_FX_TOP__GC0  |           1|       529|
+------+-------------------+------------+----------+
---------------------------------------------------------------------------------
Start RTL Component Statistics 
---------------------------------------------------------------------------------
Detailed RTL Component Info : 
+---Adders : 
	   2 Input     32 Bit       Adders := 12    
	   2 Input     13 Bit       Adders := 3     
	   2 Input      4 Bit       Adders := 1     
+---Registers : 
	               32 Bit    Registers := 2     
	               16 Bit    Registers := 7     
	               14 Bit    Registers := 2     
	               13 Bit    Registers := 4     
	               12 Bit    Registers := 3     
	                7 Bit    Registers := 5     
	                4 Bit    Registers := 7     
	                1 Bit    Registers := 14    
+---Muxes : 
	  17 Input     16 Bit        Muxes := 2     
	  18 Input     16 Bit        Muxes := 2     
	   2 Input     16 Bit        Muxes := 7     
	  17 Input     14 Bit        Muxes := 2     
	   2 Input     13 Bit        Muxes := 5     
	   2 Input     12 Bit        Muxes := 2     
	   2 Input      7 Bit        Muxes := 6     
	   3 Input      7 Bit        Muxes := 1     
	   4 Input      4 Bit        Muxes := 1     
	   2 Input      4 Bit        Muxes := 5     
	   3 Input      4 Bit        Muxes := 1     
	   3 Input      3 Bit        Muxes := 2     
	   2 Input      3 Bit        Muxes := 1     
	   3 Input      2 Bit        Muxes := 4     
	   4 Input      2 Bit        Muxes := 1     
	   5 Input      2 Bit        Muxes := 1     
	   2 Input      1 Bit        Muxes := 26    
	   4 Input      1 Bit        Muxes := 3     
	   3 Input      1 Bit        Muxes := 9     
---------------------------------------------------------------------------------
Finished RTL Component Statistics 
---------------------------------------------------------------------------------
---------------------------------------------------------------------------------
Start RTL Hierarchical Component Statistics 
---------------------------------------------------------------------------------
Hierarchical RTL Component report 
Module frequency_to_m 
Detailed RTL Component Info : 
+---Adders : 
	   2 Input     32 Bit       Adders := 1     
Module m_to_clock 
Detailed RTL Component Info : 
+---Registers : 
	                1 Bit    Registers := 1     
+---Muxes : 
	   2 Input      1 Bit        Muxes := 1     
Module project_1 
Detailed RTL Component Info : 
+---Registers : 
	               16 Bit    Registers := 1     
Module averagehigh2b 
Detailed RTL Component Info : 
+---Registers : 
	               32 Bit    Registers := 1     
	               16 Bit    Registers := 1     
	               14 Bit    Registers := 1     
	               12 Bit    Registers := 1     
	                7 Bit    Registers := 1     
	                4 Bit    Registers := 1     
+---Muxes : 
	  17 Input     16 Bit        Muxes := 1     
	  18 Input     16 Bit        Muxes := 1     
	  17 Input     14 Bit        Muxes := 1     
	   2 Input      7 Bit        Muxes := 1     
	   3 Input      3 Bit        Muxes := 1     
	   3 Input      2 Bit        Muxes := 1     
	   4 Input      1 Bit        Muxes := 1     
	   2 Input      1 Bit        Muxes := 2     
	   3 Input      1 Bit        Muxes := 3     
Module averageavg2b 
Detailed RTL Component Info : 
+---Registers : 
	               32 Bit    Registers := 1     
	               16 Bit    Registers := 1     
	               14 Bit    Registers := 1     
	                7 Bit    Registers := 1     
	                4 Bit    Registers := 1     
+---Muxes : 
	  17 Input     16 Bit        Muxes := 1     
	  18 Input     16 Bit        Muxes := 1     
	  17 Input     14 Bit        Muxes := 1     
	   2 Input      7 Bit        Muxes := 1     
	   3 Input      3 Bit        Muxes := 1     
	   3 Input      2 Bit        Muxes := 1     
	   4 Input      1 Bit        Muxes := 1     
	   2 Input      1 Bit        Muxes := 2     
	   3 Input      1 Bit        Muxes := 3     
Module averageoff2b 
Detailed RTL Component Info : 
+---Registers : 
	                7 Bit    Registers := 1     
	                4 Bit    Registers := 1     
+---Muxes : 
	   4 Input      4 Bit        Muxes := 1     
	   4 Input      2 Bit        Muxes := 1     
Module project_2b 
Detailed RTL Component Info : 
+---Registers : 
	               16 Bit    Registers := 1     
	                7 Bit    Registers := 1     
	                4 Bit    Registers := 2     
+---Muxes : 
	   2 Input     16 Bit        Muxes := 3     
	   3 Input      7 Bit        Muxes := 1     
	   2 Input      7 Bit        Muxes := 3     
	   2 Input      4 Bit        Muxes := 4     
	   3 Input      4 Bit        Muxes := 1     
	   2 Input      3 Bit        Muxes := 1     
	   3 Input      2 Bit        Muxes := 2     
	   2 Input      1 Bit        Muxes := 8     
	   3 Input      1 Bit        Muxes := 1     
Module project_3b 
Detailed RTL Component Info : 
+---Adders : 
	   2 Input     13 Bit       Adders := 3     
+---Registers : 
	               13 Bit    Registers := 4     
+---Muxes : 
	   2 Input     13 Bit        Muxes := 5     
Module task_selector 
Detailed RTL Component Info : 
+---Registers : 
	               16 Bit    Registers := 1     
	               12 Bit    Registers := 1     
	                7 Bit    Registers := 1     
	                4 Bit    Registers := 1     
	                1 Bit    Registers := 1     
+---Muxes : 
	   2 Input     16 Bit        Muxes := 2     
	   2 Input     12 Bit        Muxes := 2     
	   2 Input      7 Bit        Muxes := 1     
	   2 Input      4 Bit        Muxes := 1     
Module SPI 
Detailed RTL Component Info : 
+---Registers : 
	               12 Bit    Registers := 1     
	                1 Bit    Registers := 1     
Module DA2RefComp 
Detailed RTL Component Info : 
+---Adders : 
	   2 Input      4 Bit       Adders := 1     
+---Registers : 
	               16 Bit    Registers := 2     
	                4 Bit    Registers := 1     
+---Muxes : 
	   2 Input     16 Bit        Muxes := 2     
	   5 Input      2 Bit        Muxes := 1     
	   3 Input      1 Bit        Muxes := 2     
	   2 Input      1 Bit        Muxes := 2     
	   4 Input      1 Bit        Muxes := 1     
---------------------------------------------------------------------------------
Finished RTL Hierarchical Component Statistics
---------------------------------------------------------------------------------
---------------------------------------------------------------------------------
Start Part Resource Summary
---------------------------------------------------------------------------------
Part Resources:
DSPs: 90 (col length:60)
BRAMs: 100 (col length: RAMB18 60 RAMB36 30)
---------------------------------------------------------------------------------
Finished Part Resource Summary
---------------------------------------------------------------------------------
Start Parallel Synthesis Optimization  : Time (s): cpu = 00:01:07 ; elapsed = 00:01:20 . Memory (MB): peak = 606.391 ; gain = 399.883
---------------------------------------------------------------------------------
Start Cross Boundary Optimization
---------------------------------------------------------------------------------
INFO: [Synth 8-5545] ROM "mtc/OUTPUT_CLOCK0" won't be mapped to RAM because address size (32) is larger than maximum supported(25)
INFO: [Synth 8-5545] ROM "p_0_out" won't be mapped to RAM because address size (32) is larger than maximum supported(25)
INFO: [Synth 8-5545] ROM "countlabtwo_h1" won't be mapped to RAM because address size (32) is larger than maximum supported(25)
INFO: [Synth 8-5545] ROM "antwobout_h" won't be mapped to RAM because address size (32) is larger than maximum supported(25)
INFO: [Synth 8-5546] ROM "antwobout_h0" won't be mapped to RAM because it is too sparse
INFO: [Synth 8-5545] ROM "segtwobout_h0" won't be mapped to RAM because address size (32) is larger than maximum supported(25)
INFO: [Synth 8-5545] ROM "p_0_out" won't be mapped to RAM because address size (32) is larger than maximum supported(25)
INFO: [Synth 8-5545] ROM "countlabtwo_l1" won't be mapped to RAM because address size (32) is larger than maximum supported(25)
INFO: [Synth 8-5545] ROM "antwobout_l" won't be mapped to RAM because address size (32) is larger than maximum supported(25)
INFO: [Synth 8-5546] ROM "antwobout_l0" won't be mapped to RAM because it is too sparse
INFO: [Synth 8-5545] ROM "segtwobout_l0" won't be mapped to RAM because address size (32) is larger than maximum supported(25)
INFO: [Synth 8-5545] ROM "led_display" won't be mapped to RAM because address size (32) is larger than maximum supported(25)
INFO: [Synth 8-5545] ROM "O30" won't be mapped to RAM because address size (32) is larger than maximum supported(25)
INFO: [Synth 8-5545] ROM "antwobout" won't be mapped to RAM because address size (32) is larger than maximum supported(25)
WARNING: [Synth 8-3331] design AUDIO_FX_TOP has unconnected port sw[15]
WARNING: [Synth 8-3331] design AUDIO_FX_TOP has unconnected port sw[14]
WARNING: [Synth 8-3331] design AUDIO_FX_TOP has unconnected port sw[13]
WARNING: [Synth 8-3331] design AUDIO_FX_TOP has unconnected port sw[12]
WARNING: [Synth 8-3331] design AUDIO_FX_TOP has unconnected port sw[11]
WARNING: [Synth 8-3331] design AUDIO_FX_TOP has unconnected port sw[10]
WARNING: [Synth 8-3331] design AUDIO_FX_TOP has unconnected port sw[9]
WARNING: [Synth 8-3331] design AUDIO_FX_TOP has unconnected port sw[8]
WARNING: [Synth 8-3331] design AUDIO_FX_TOP has unconnected port sw[7]
WARNING: [Synth 8-3331] design AUDIO_FX_TOP has unconnected port sw[6]
WARNING: [Synth 8-3331] design AUDIO_FX_TOP has unconnected port sw[5]
WARNING: [Synth 8-3331] design AUDIO_FX_TOP has unconnected port sw[4]
WARNING: [Synth 8-3331] design AUDIO_FX_TOP has unconnected port sw[3]
---------------------------------------------------------------------------------
Finished Cross Boundary Optimization : Time (s): cpu = 00:01:10 ; elapsed = 00:01:23 . Memory (MB): peak = 606.391 ; gain = 399.883
---------------------------------------------------------------------------------
Finished Parallel Reinference  : Time (s): cpu = 00:01:10 ; elapsed = 00:01:23 . Memory (MB): peak = 606.391 ; gain = 399.883

Report RTL Partitions: 
+------+-------------------+------------+----------+
|      |RTL Partition      |Replication |Instances |
+------+-------------------+------------+----------+
|1     |FlexiClock         |          12|      3864|
|2     |reg__3             |           1|        12|
|3     |averagehigh2b__GC0 |           1|      1216|
|4     |averageavg2b__GC0  |           1|      1821|
|5     |averageoff2b__GC0  |           1|        21|
|6     |project_2b__GC0    |           1|       764|
|7     |task_selector__GC0 |           1|       877|
|8     |AUDIO_FX_TOP__GC0  |           1|       568|
+------+-------------------+------------+----------+
---------------------------------------------------------------------------------
Start Area Optimization
---------------------------------------------------------------------------------
INFO: [Synth 8-3333] propagating constant 1 across sequential element (ah2i_1/\sevensegment2b_h_reg[13] )
INFO: [Synth 8-3886] merging instance 'ah2i_1/sevensegment2b_h_reg[12]' (FDE) to 'ah2i_1/sevensegment2b_h_reg[7]'
INFO: [Synth 8-3886] merging instance 'ah2i_1/sevensegment2b_h_reg[7]' (FDE) to 'ah2i_1/sevensegment2b_h_reg[10]'
INFO: [Synth 8-3886] merging instance 'ah2i_1/sevensegment2b_h_reg[11]' (FDE) to 'ah2i_1/sevensegment2b_h_reg[10]'
INFO: [Synth 8-3886] merging instance 'ah2i_1/sevensegment2b_h_reg[9]' (FDE) to 'ah2i_1/sevensegment2b_h_reg[8]'
INFO: [Synth 8-3333] propagating constant 0 across sequential element (ah2i_1/\sevensegment2b_h_reg[8] )
INFO: [Synth 8-3333] propagating constant 1 across sequential element (ah2i_1/\antwobout_h_reg[2] )
INFO: [Synth 8-3333] propagating constant 1 across sequential element (al2i_2/\sevensegment2b_l_reg[13] )
INFO: [Synth 8-3886] merging instance 'al2i_2/sevensegment2b_l_reg[12]' (FDE) to 'al2i_2/sevensegment2b_l_reg[7]'
INFO: [Synth 8-3886] merging instance 'al2i_2/sevensegment2b_l_reg[7]' (FDE) to 'al2i_2/sevensegment2b_l_reg[10]'
INFO: [Synth 8-3886] merging instance 'al2i_2/sevensegment2b_l_reg[11]' (FDE) to 'al2i_2/sevensegment2b_l_reg[10]'
INFO: [Synth 8-3886] merging instance 'al2i_2/sevensegment2b_l_reg[9]' (FDE) to 'al2i_2/sevensegment2b_l_reg[8]'
INFO: [Synth 8-3333] propagating constant 0 across sequential element (al2i_2/\sevensegment2b_l_reg[8] )
INFO: [Synth 8-3333] propagating constant 1 across sequential element (al2i_2/\antwobout_l_reg[2] )
INFO: [Synth 8-3886] merging instance 'ao2i_3/segtwobout_off_reg[0]' (FDSE) to 'ao2i_3/segtwobout_off_reg[1]'
INFO: [Synth 8-3886] merging instance 'ao2i_3/segtwobout_off_reg[1]' (FDSE) to 'ao2i_3/segtwobout_off_reg[2]'
INFO: [Synth 8-3886] merging instance 'ao2i_3/segtwobout_off_reg[2]' (FDSE) to 'ao2i_3/segtwobout_off_reg[3]'
INFO: [Synth 8-3886] merging instance 'ao2i_3/segtwobout_off_reg[3]' (FDSE) to 'ao2i_3/segtwobout_off_reg[4]'
INFO: [Synth 8-3886] merging instance 'ao2i_3/segtwobout_off_reg[4]' (FDSE) to 'ao2i_3/segtwobout_off_reg[5]'
INFO: [Synth 8-3333] propagating constant 1 across sequential element (ao2i_3/\segtwobout_off_reg[5] )
INFO: [Synth 8-3333] propagating constant 0 across sequential element (ao2i_3/\segtwobout_off_reg[6] )
INFO: [Synth 8-3886] merging instance 'mpti_4/stats_reg[2]' (FDE) to 'mpti_4/stats_reg[3]'
INFO: [Synth 8-3333] propagating constant 0 across sequential element (mpti_4/\stats_reg[3] )
INFO: [Synth 8-3333] propagating constant 1 across sequential element (tsi_5/dp_inter_reg)
INFO: [Synth 8-3333] propagating constant 0 across sequential element (al2i_2/\FINAL_MIC_l_reg[0] )
---------------------------------------------------------------------------------
Finished Area Optimization : Time (s): cpu = 00:01:25 ; elapsed = 00:01:39 . Memory (MB): peak = 606.391 ; gain = 399.883
---------------------------------------------------------------------------------
Finished Parallel Area Optimization  : Time (s): cpu = 00:01:25 ; elapsed = 00:01:39 . Memory (MB): peak = 606.391 ; gain = 399.883

Report RTL Partitions: 
+------+-------------------+------------+----------+
|      |RTL Partition      |Replication |Instances |
+------+-------------------+------------+----------+
|1     |FlexiClock         |           4|       102|
|2     |reg__3             |           1|        12|
|3     |averagehigh2b__GC0 |           1|       518|
|4     |averageavg2b__GC0  |           1|       802|
|5     |averageoff2b__GC0  |           1|        13|
|6     |project_2b__GC0    |           1|       163|
|7     |task_selector__GC0 |           1|       307|
|8     |AUDIO_FX_TOP__GC0  |           1|       304|
|9     |FlexiClock__1      |           1|       101|
|10    |FlexiClock__2      |           1|       102|
|11    |FlexiClock__3      |           1|       100|
|12    |FlexiClock__4      |           1|       101|
|13    |FlexiClock__5      |           3|       102|
+------+-------------------+------------+----------+
---------------------------------------------------------------------------------
Start Timing Optimization
---------------------------------------------------------------------------------
---------------------------------------------------------------------------------
Start Applying XDC Timing Constraints
---------------------------------------------------------------------------------
---------------------------------------------------------------------------------
Finished Applying XDC Timing Constraints : Time (s): cpu = 00:02:09 ; elapsed = 00:02:25 . Memory (MB): peak = 606.391 ; gain = 399.883
---------------------------------------------------------------------------------
---------------------------------------------------------------------------------
Finished Timing Optimization : Time (s): cpu = 00:02:10 ; elapsed = 00:02:26 . Memory (MB): peak = 606.391 ; gain = 399.883
---------------------------------------------------------------------------------

Report RTL Partitions: 
+------+-------------------+------------+----------+
|      |RTL Partition      |Replication |Instances |
+------+-------------------+------------+----------+
|1     |FlexiClock         |           4|       102|
|2     |reg__3             |           1|        12|
|3     |averagehigh2b__GC0 |           1|       518|
|4     |averageavg2b__GC0  |           1|       802|
|5     |averageoff2b__GC0  |           1|        13|
|6     |project_2b__GC0    |           1|       163|
|7     |task_selector__GC0 |           1|       307|
|8     |AUDIO_FX_TOP__GC0  |           1|       304|
|9     |FlexiClock__1      |           1|       101|
|10    |FlexiClock__2      |           1|       102|
|11    |FlexiClock__3      |           1|       100|
|12    |FlexiClock__4      |           1|       101|
|13    |FlexiClock__5      |           3|       102|
+------+-------------------+------------+----------+
---------------------------------------------------------------------------------
Start Technology Mapping
---------------------------------------------------------------------------------
WARNING: [Synth 8-3332] Sequential element (u2/temp2_reg[11]) is unused and will be removed from module AUDIO_FX_TOP.
WARNING: [Synth 8-3332] Sequential element (u2/temp2_reg[10]) is unused and will be removed from module AUDIO_FX_TOP.
WARNING: [Synth 8-3332] Sequential element (u2/temp2_reg[9]) is unused and will be removed from module AUDIO_FX_TOP.
WARNING: [Synth 8-3332] Sequential element (u2/temp2_reg[8]) is unused and will be removed from module AUDIO_FX_TOP.
WARNING: [Synth 8-3332] Sequential element (u2/temp2_reg[7]) is unused and will be removed from module AUDIO_FX_TOP.
WARNING: [Synth 8-3332] Sequential element (u2/temp2_reg[6]) is unused and will be removed from module AUDIO_FX_TOP.
WARNING: [Synth 8-3332] Sequential element (u2/temp2_reg[5]) is unused and will be removed from module AUDIO_FX_TOP.
WARNING: [Synth 8-3332] Sequential element (u2/temp2_reg[4]) is unused and will be removed from module AUDIO_FX_TOP.
WARNING: [Synth 8-3332] Sequential element (u2/temp2_reg[3]) is unused and will be removed from module AUDIO_FX_TOP.
WARNING: [Synth 8-3332] Sequential element (u2/temp2_reg[2]) is unused and will be removed from module AUDIO_FX_TOP.
WARNING: [Synth 8-3332] Sequential element (u2/temp2_reg[1]) is unused and will be removed from module AUDIO_FX_TOP.
WARNING: [Synth 8-3332] Sequential element (u2/temp2_reg[0]) is unused and will be removed from module AUDIO_FX_TOP.
WARNING: [Synth 8-3332] Sequential element (u2/temp2_reg[15]) is unused and will be removed from module AUDIO_FX_TOP.
WARNING: [Synth 8-3332] Sequential element (u2/temp2_reg[14]) is unused and will be removed from module AUDIO_FX_TOP.
WARNING: [Synth 8-3332] Sequential element (u2/temp2_reg[13]) is unused and will be removed from module AUDIO_FX_TOP.
WARNING: [Synth 8-3332] Sequential element (u2/temp2_reg[12]) is unused and will be removed from module AUDIO_FX_TOP.
---------------------------------------------------------------------------------
Finished Technology Mapping : Time (s): cpu = 00:02:13 ; elapsed = 00:02:29 . Memory (MB): peak = 606.391 ; gain = 399.883
---------------------------------------------------------------------------------
Finished Parallel Technology Mapping Optimization  : Time (s): cpu = 00:02:13 ; elapsed = 00:02:29 . Memory (MB): peak = 606.391 ; gain = 399.883

Report RTL Partitions: 
+-+--------------+------------+----------+
| |RTL Partition |Replication |Instances |
+-+--------------+------------+----------+
+-+--------------+------------+----------+
Finished Parallel Synthesis Optimization  : Time (s): cpu = 00:02:13 ; elapsed = 00:02:29 . Memory (MB): peak = 606.391 ; gain = 399.883
---------------------------------------------------------------------------------
Start IO Insertion
---------------------------------------------------------------------------------
---------------------------------------------------------------------------------
Start Flattening Before IO Insertion
---------------------------------------------------------------------------------
---------------------------------------------------------------------------------
Finished Flattening Before IO Insertion
---------------------------------------------------------------------------------
---------------------------------------------------------------------------------
Start Final Netlist Cleanup
---------------------------------------------------------------------------------
---------------------------------------------------------------------------------
Finished Final Netlist Cleanup
---------------------------------------------------------------------------------
---------------------------------------------------------------------------------
Finished IO Insertion : Time (s): cpu = 00:02:15 ; elapsed = 00:02:31 . Memory (MB): peak = 606.391 ; gain = 399.883
---------------------------------------------------------------------------------

Report Check Netlist: 
+------+------------------+-------+---------+-------+------------------+
|      |Item              |Errors |Warnings |Status |Description       |
+------+------------------+-------+---------+-------+------------------+
|1     |multi_driven_nets |      0|        0|Passed |Multi driven nets |
+------+------------------+-------+---------+-------+------------------+
---------------------------------------------------------------------------------
Start Renaming Generated Instances
---------------------------------------------------------------------------------
---------------------------------------------------------------------------------
Finished Renaming Generated Instances : Time (s): cpu = 00:02:15 ; elapsed = 00:02:31 . Memory (MB): peak = 606.391 ; gain = 399.883
---------------------------------------------------------------------------------

Report RTL Partitions: 
+-+--------------+------------+----------+
| |RTL Partition |Replication |Instances |
+-+--------------+------------+----------+
+-+--------------+------------+----------+
---------------------------------------------------------------------------------
Start Rebuilding User Hierarchy
---------------------------------------------------------------------------------
---------------------------------------------------------------------------------
Finished Rebuilding User Hierarchy : Time (s): cpu = 00:02:16 ; elapsed = 00:02:32 . Memory (MB): peak = 606.391 ; gain = 399.883
---------------------------------------------------------------------------------
---------------------------------------------------------------------------------
Start Renaming Generated Ports
---------------------------------------------------------------------------------
---------------------------------------------------------------------------------
Finished Renaming Generated Ports : Time (s): cpu = 00:02:16 ; elapsed = 00:02:32 . Memory (MB): peak = 606.391 ; gain = 399.883
---------------------------------------------------------------------------------
---------------------------------------------------------------------------------
Start Handling Custom Attributes
---------------------------------------------------------------------------------
---------------------------------------------------------------------------------
Finished Handling Custom Attributes : Time (s): cpu = 00:02:16 ; elapsed = 00:02:33 . Memory (MB): peak = 606.391 ; gain = 399.883
---------------------------------------------------------------------------------
---------------------------------------------------------------------------------
Start Renaming Generated Nets
---------------------------------------------------------------------------------
---------------------------------------------------------------------------------
Finished Renaming Generated Nets : Time (s): cpu = 00:02:17 ; elapsed = 00:02:33 . Memory (MB): peak = 606.391 ; gain = 399.883
---------------------------------------------------------------------------------
---------------------------------------------------------------------------------
Start Writing Synthesis Report
---------------------------------------------------------------------------------

Report BlackBoxes: 
+------+---------------+----------+
|      |BlackBox name  |Instances |
+------+---------------+----------+
|1     |dist_mem_gen_0 |         1|
+------+---------------+----------+

Report Cell Usage: 
+------+---------------+------+
|      |Cell           |Count |
+------+---------------+------+
|1     |dist_mem_gen_0 |     1|
|2     |BUFG           |     3|
|3     |CARRY4         |   190|
|4     |LUT1           |   486|
|5     |LUT2           |   175|
|6     |LUT3           |   157|
|7     |LUT4           |   138|
|8     |LUT5           |    69|
|9     |LUT6           |   188|
|10    |FDRE           |   703|
|11    |FDSE           |    17|
|12    |IBUF           |    10|
|13    |OBUF           |    34|
+------+---------------+------+

Report Instance Areas: 
+------+-------------------+--------------+------+
|      |Instance           |Module        |Cells |
+------+-------------------+--------------+------+
|1     |top                |              |  2182|
|2     |  cc2              |FlexiClock    |    94|
|3     |    mtc            |m_to_clock_19 |    94|
|4     |  cc20k            |FlexiClock_0  |    94|
|5     |    mtc            |m_to_clock_18 |    94|
|6     |  ts               |task_selector |  1697|
|7     |    cc3b20k        |FlexiClock_1  |    93|
|8     |      mtc          |m_to_clock_17 |    93|
|9     |    cc3b30k        |FlexiClock_2  |    93|
|10    |      mtc          |m_to_clock_16 |    93|
|11    |    cc3b50k        |FlexiClock_3  |    93|
|12    |      mtc          |m_to_clock_15 |    93|
|13    |    mpo            |project_1     |   106|
|14    |      ccview       |FlexiClock_13 |    93|
|15    |        mtc        |m_to_clock_14 |    93|
|16    |    mpt            |project_2b    |  1122|
|17    |      ah2          |averagehigh2b |   427|
|18    |        cc2b100h   |FlexiClock_9  |    93|
|19    |          mtc      |m_to_clock_12 |    93|
|20    |        cc2b20kh   |FlexiClock_10 |    93|
|21    |          mtc      |m_to_clock_11 |    93|
|22    |      al2          |averageavg2b  |   518|
|23    |        cc2b100l   |FlexiClock_5  |    93|
|24    |          mtc      |m_to_clock_8  |    93|
|25    |        cc2b20kl   |FlexiClock_6  |    93|
|26    |          mtc      |m_to_clock_7  |    93|
|27    |      ao2          |averageoff2b  |   110|
|28    |        cc2b300off |FlexiClock_4  |    93|
|29    |          mtc      |m_to_clock    |    93|
|30    |    taskthreeb     |project_3b    |   147|
|31    |  u1               |SPI           |   184|
|32    |  u2               |DA2RefComp    |    48|
+------+-------------------+--------------+------+
---------------------------------------------------------------------------------
Finished Writing Synthesis Report : Time (s): cpu = 00:02:17 ; elapsed = 00:02:33 . Memory (MB): peak = 606.391 ; gain = 399.883
---------------------------------------------------------------------------------
Synthesis finished with 0 errors, 0 critical warnings and 29 warnings.
Synthesis Optimization Runtime : Time (s): cpu = 00:01:30 ; elapsed = 00:01:54 . Memory (MB): peak = 606.391 ; gain = 103.410
Synthesis Optimization Complete : Time (s): cpu = 00:02:17 ; elapsed = 00:02:33 . Memory (MB): peak = 606.391 ; gain = 399.883
INFO: [Project 1-571] Translating synthesized netlist
INFO: [Netlist 29-17] Analyzing 200 Unisim elements for replacement
INFO: [Netlist 29-28] Unisim Transformation completed in 0 CPU seconds
INFO: [Project 1-570] Preparing netlist for logic optimization
INFO: [Opt 31-138] Pushed 1 inverter(s) to 12 load pin(s).
INFO: [Project 1-111] Unisim Transformation Summary:
No Unisim elements were transformed.

INFO: [Common 17-83] Releasing license: Synthesis
95 Infos, 59 Warnings, 0 Critical Warnings and 0 Errors encountered.
synth_design completed successfully
synth_design: Time (s): cpu = 00:02:16 ; elapsed = 00:02:25 . Memory (MB): peak = 606.391 ; gain = 399.883
report_utilization: Time (s): cpu = 00:00:00 ; elapsed = 00:00:00.120 . Memory (MB): peak = 606.391 ; gain = 0.000
INFO: [Common 17-206] Exiting Vivado at Fri Nov 03 20:03:01 2017...
