Copyright 1986-2017 Xilinx, Inc. All Rights Reserved.
-----------------------------------------------------------------------------------------
| Tool Version : Vivado v.2017.3 (win64) Build 2018833 Wed Oct  4 19:58:22 MDT 2017
| Date         : Sun Nov  5 08:33:08 2017
| Host         : Lee running 64-bit major release  (build 9200)
| Command      : report_control_sets -verbose -file AUDIO_FX_TOP_control_sets_placed.rpt
| Design       : AUDIO_FX_TOP
| Device       : xc7a35t
-----------------------------------------------------------------------------------------

Control Set Information

Table of Contents
-----------------
1. Summary
2. Flip-Flop Distribution
3. Detailed Control Set Information

1. Summary
----------

+----------------------------------------------------------+-------+
|                          Status                          | Count |
+----------------------------------------------------------+-------+
| Number of unique control sets                            |   407 |
| Unused register locations in slices containing registers |  1479 |
+----------------------------------------------------------+-------+


2. Flip-Flop Distribution
-------------------------

+--------------+-----------------------+------------------------+-----------------+--------------+
| Clock Enable | Synchronous Set/Reset | Asynchronous Set/Reset | Total Registers | Total Slices |
+--------------+-----------------------+------------------------+-----------------+--------------+
| No           | No                    | No                     |            1563 |          675 |
| No           | No                    | Yes                    |             128 |          128 |
| No           | Yes                   | No                     |            3378 |          912 |
| Yes          | No                    | No                     |              52 |           24 |
| Yes          | No                    | Yes                    |               0 |            0 |
| Yes          | Yes                   | No                     |             112 |           40 |
+--------------+-----------------------+------------------------+-----------------+--------------+


3. Detailed Control Set Information
-----------------------------------

+-----------------------------------+-----------------------------------------------+----------------------------------------------+------------------+----------------+
|            Clock Signal           |                 Enable Signal                 |               Set/Reset Signal               | Slice Load Count | Bel Load Count |
+-----------------------------------+-----------------------------------------------+----------------------------------------------+------------------+----------------+
|  cc2/mtc/clk_50M                  |                                               |                                              |                1 |              1 |
|  tsn_0_15207_BUFG                 |                                               | ts/t2/db1/d0/state_reg[24]_P                 |                1 |              1 |
|  tsn_0_15207_BUFG                 |                                               | ts/t2/db1/d0/state_reg[25]_C                 |                1 |              1 |
|  tsn_0_15207_BUFG                 |                                               | ts/t2/db1/d0/state_reg[25]_P                 |                1 |              1 |
|  tsn_0_15207_BUFG                 |                                               | ts/t2/db1/d0/state_reg[26]_C                 |                1 |              1 |
|  tsn_0_15207_BUFG                 |                                               | ts/t2/db1/d0/state_reg[26]_P                 |                1 |              1 |
|  tsn_0_15207_BUFG                 |                                               | ts/t2/db1/d0/state_reg[27]_C                 |                1 |              1 |
|  tsn_0_15207_BUFG                 |                                               | ts/t2/db1/d0/state_reg[27]_P                 |                1 |              1 |
|  circn_0_8384_BUFG                |                                               | ts/t3/circ/db1/d1/freq_reg[9]_P              |                1 |              1 |
|  tsn_0_15207_BUFG                 |                                               | ts/t2/db1/d0/state_reg[28]_P                 |                1 |              1 |
|  tsn_0_15207_BUFG                 |                                               | ts/t2/db1/d0/state_reg[29]_C                 |                1 |              1 |
|  tsn_0_15207_BUFG                 |                                               | ts/t2/db1/d0/state_reg[29]_P                 |                1 |              1 |
|  ts/cc3b50k/mtc/clk_50k3b         |                                               |                                              |                1 |              1 |
|  tsn_0_15207_BUFG                 |                                               | ts/t2/db1/d0/state_reg[2]_C                  |                1 |              1 |
|  tsn_0_15207_BUFG                 |                                               | ts/t2/db1/d0/state_reg[2]_P                  |                1 |              1 |
|  tsn_0_15207_BUFG                 |                                               | ts/t2/db1/d0/state_reg[30]_C                 |                1 |              1 |
|  ts/cc3b30k/mtc/clk_30k3b         |                                               |                                              |                1 |              1 |
|  tsn_0_15207_BUFG                 |                                               | ts/t2/db1/d0/state_reg[30]_P                 |                1 |              1 |
|  ts/cc3b20k/mtc/clk_20k3b         |                                               |                                              |                1 |              1 |
|  tsn_0_15207_BUFG                 |                                               | ts/t2/db1/d0/state_reg[31]_C                 |                1 |              1 |
|  tsn_0_15207_BUFG                 |                                               | ts/t2/db1/d0/state_reg[31]_P                 |                1 |              1 |
|  tsn_0_15207_BUFG                 |                                               | ts/t2/db1/d0/state_reg[3]_C                  |                1 |              1 |
|  tsn_0_15207_BUFG                 |                                               | ts/t2/db1/d0/state_reg[3]_P                  |                1 |              1 |
|  tsn_0_15207_BUFG                 |                                               | ts/t2/db1/d0/state_reg[4]_C                  |                1 |              1 |
|  ts/t2/db1/d0/state_reg[0]_P      |                                               | ts/t2/db1/d0/state_reg[0]_C                  |                1 |              1 |
|  ts/t2/db1/d0/state_reg[10]_P     |                                               | ts/t2/db1/d0/state_reg[10]_C                 |                1 |              1 |
|  ts/t2/db1/d0/state_reg[11]_P     |                                               | ts/t2/db1/d0/state_reg[11]_C                 |                1 |              1 |
|  ts/t2/db1/d0/state_reg[12]_P     |                                               | ts/t2/db1/d0/state_reg[12]_C                 |                1 |              1 |
|  ts/t2/db1/d0/state_reg[13]_P     |                                               | ts/t2/db1/d0/state_reg[13]_C                 |                1 |              1 |
|  ts/t2/db1/d0/state_reg[14]_P     |                                               | ts/t2/db1/d0/state_reg[14]_C                 |                1 |              1 |
|  ts/t2/db1/d0/state_reg[15]_P     |                                               | ts/t2/db1/d0/state_reg[15]_C                 |                1 |              1 |
|  ts/t2/db1/d0/state_reg[16]_P     |                                               | ts/t2/db1/d0/state_reg[16]_C                 |                1 |              1 |
|  ts/t2/db1/d0/state_reg[17]_P     |                                               | ts/t2/db1/d0/state_reg[17]_C                 |                1 |              1 |
|  ts/t2/db1/d0/state_reg[18]_P     |                                               | ts/t2/db1/d0/state_reg[18]_C                 |                1 |              1 |
|  ts/t2/db1/d0/state_reg[19]_P     |                                               | ts/t2/db1/d0/state_reg[19]_C                 |                1 |              1 |
|  ts/t2/db1/d0/state_reg[1]_P      |                                               | ts/t2/db1/d0/state_reg[1]_C                  |                1 |              1 |
|  ts/t2/db1/d0/state_reg[20]_P     |                                               | ts/t2/db1/d0/state_reg[20]_C                 |                1 |              1 |
|  ts/t2/db1/d0/state_reg[21]_P     |                                               | ts/t2/db1/d0/state_reg[21]_C                 |                1 |              1 |
|  ts/t2/db1/d0/state_reg[22]_P     |                                               | ts/t2/db1/d0/state_reg[22]_C                 |                1 |              1 |
|  ts/t2/db1/d0/state_reg[23]_P     |                                               | ts/t2/db1/d0/state_reg[23]_C                 |                1 |              1 |
|  ts/t2/db1/d0/state_reg[24]_P     |                                               | ts/t2/db1/d0/state_reg[24]_C                 |                1 |              1 |
|  ts/t2/db1/d0/state_reg[25]_P     |                                               | ts/t2/db1/d0/state_reg[25]_C                 |                1 |              1 |
|  ts/t2/db1/d0/state_reg[26]_P     |                                               | ts/t2/db1/d0/state_reg[26]_C                 |                1 |              1 |
|  ts/t2/db1/d0/state_reg[27]_P     |                                               | ts/t2/db1/d0/state_reg[27]_C                 |                1 |              1 |
|  ts/t2/db1/d0/state_reg[28]_P     |                                               | ts/t2/db1/d0/state_reg[28]_C                 |                1 |              1 |
|  ts/t2/db1/d0/state_reg[29]_P     |                                               | ts/t2/db1/d0/state_reg[29]_C                 |                1 |              1 |
|  ts/t2/db1/d0/state_reg[2]_P      |                                               | ts/t2/db1/d0/state_reg[2]_C                  |                1 |              1 |
|  ts/t2/db1/d0/state_reg[30]_P     |                                               | ts/t2/db1/d0/state_reg[30]_C                 |                1 |              1 |
|  ts/t2/db1/d0/state_reg[31]_P     |                                               | ts/t2/db1/d0/state_reg[31]_C                 |                1 |              1 |
|  ts/t2/db1/d0/state_reg[3]_P      |                                               | ts/t2/db1/d0/state_reg[3]_C                  |                1 |              1 |
|  ts/t2/db1/d0/state_reg[4]_P      |                                               | ts/t2/db1/d0/state_reg[4]_C                  |                1 |              1 |
|  ts/t2/db1/d0/state_reg[5]_P      |                                               | ts/t2/db1/d0/state_reg[5]_C                  |                1 |              1 |
|  ts/t2/db1/d0/state_reg[6]_P      |                                               | ts/t2/db1/d0/state_reg[6]_C                  |                1 |              1 |
|  ts/t2/db1/d0/state_reg[7]_P      |                                               | ts/t2/db1/d0/state_reg[7]_C                  |                1 |              1 |
|  ts/t2/db1/d0/state_reg[8]_P      |                                               | ts/t2/db1/d0/state_reg[8]_C                  |                1 |              1 |
|  ts/t2/db1/d0/state_reg[9]_P      |                                               | ts/t2/db1/d0/state_reg[9]_C                  |                1 |              1 |
|  ts/t3/circ/db1/d1/freq_reg[0]_P  |                                               | ts/t3/circ/db1/d1/freq_reg[0]_C              |                1 |              1 |
|  ts/t3/circ/db1/d1/freq_reg[10]_P |                                               | ts/t3/circ/db1/d1/freq_reg[10]_C             |                1 |              1 |
|  ts/t3/circ/db1/d1/freq_reg[11]_P |                                               | ts/t3/circ/db1/d1/freq_reg[11]_C             |                1 |              1 |
|  ts/t3/circ/db1/d1/freq_reg[12]_P |                                               | ts/t3/circ/db1/d1/freq_reg[12]_C             |                1 |              1 |
|  ts/t3/circ/db1/d1/freq_reg[13]_P |                                               | ts/t3/circ/db1/d1/freq_reg[13]_C             |                1 |              1 |
|  ts/t3/circ/db1/d1/freq_reg[14]_P |                                               | ts/t3/circ/db1/d1/freq_reg[14]_C             |                1 |              1 |
|  ts/t3/circ/db1/d1/freq_reg[15]_P |                                               | ts/t3/circ/db1/d1/freq_reg[15]_C             |                1 |              1 |
|  ts/t3/circ/db1/d1/freq_reg[16]_P |                                               | ts/t3/circ/db1/d1/freq_reg[16]_C             |                1 |              1 |
|  ts/t3/circ/db1/d1/freq_reg[17]_P |                                               | ts/t3/circ/db1/d1/freq_reg[17]_C             |                1 |              1 |
|  ts/t3/circ/db1/d1/freq_reg[18]_P |                                               | ts/t3/circ/db1/d1/freq_reg[18]_C             |                1 |              1 |
|  ts/t3/circ/db1/d1/freq_reg[19]_P |                                               | ts/t3/circ/db1/d1/freq_reg[19]_C             |                1 |              1 |
|  ts/t3/circ/db1/d1/freq_reg[1]_P  |                                               | ts/t3/circ/db1/d1/freq_reg[1]_C              |                1 |              1 |
|  ts/t3/circ/db1/d1/freq_reg[20]_P |                                               | ts/t3/circ/db1/d1/freq_reg[20]_C             |                1 |              1 |
|  ts/t3/circ/db1/d1/freq_reg[21]_P |                                               | ts/t3/circ/db1/d1/freq_reg[21]_C             |                1 |              1 |
|  ts/t3/circ/db1/d1/freq_reg[22]_P |                                               | ts/t3/circ/db1/d1/freq_reg[22]_C             |                1 |              1 |
|  ts/t3/circ/db1/d1/freq_reg[23]_P |                                               | ts/t3/circ/db1/d1/freq_reg[23]_C             |                1 |              1 |
|  ts/t3/circ/db1/d1/freq_reg[24]_P |                                               | ts/t3/circ/db1/d1/freq_reg[24]_C             |                1 |              1 |
|  ts/t3/circ/db1/d1/freq_reg[25]_P |                                               | ts/t3/circ/db1/d1/freq_reg[25]_C             |                1 |              1 |
|  ts/t3/circ/db1/d1/freq_reg[26]_P |                                               | ts/t3/circ/db1/d1/freq_reg[26]_C             |                1 |              1 |
|  ts/t3/circ/db1/d1/freq_reg[27]_P |                                               | ts/t3/circ/db1/d1/freq_reg[27]_C             |                1 |              1 |
|  ts/t3/circ/db1/d1/freq_reg[28]_P |                                               | ts/t3/circ/db1/d1/freq_reg[28]_C             |                1 |              1 |
|  ts/t3/circ/db1/d1/freq_reg[29]_P |                                               | ts/t3/circ/db1/d1/freq_reg[29]_C             |                1 |              1 |
|  ts/t3/circ/db1/d1/freq_reg[2]_P  |                                               | ts/t3/circ/db1/d1/freq_reg[2]_C              |                1 |              1 |
|  ts/t3/circ/db1/d1/freq_reg[30]_P |                                               | ts/t3/circ/db1/d1/freq_reg[30]_C             |                1 |              1 |
|  ts/t3/circ/db1/d1/freq_reg[31]_P |                                               | ts/t3/circ/db1/d1/freq_reg[31]_C             |                1 |              1 |
|  ts/t3/circ/db1/d1/freq_reg[3]_P  |                                               | ts/t3/circ/db1/d1/freq_reg[3]_C              |                1 |              1 |
|  ts/t3/circ/db1/d1/freq_reg[4]_P  |                                               | ts/t3/circ/db1/d1/freq_reg[4]_C              |                1 |              1 |
|  ts/t3/circ/db1/d1/freq_reg[5]_P  |                                               | ts/t3/circ/db1/d1/freq_reg[5]_C              |                1 |              1 |
|  ts/t3/circ/db1/d1/freq_reg[6]_P  |                                               | ts/t3/circ/db1/d1/freq_reg[6]_C              |                1 |              1 |
|  ts/t3/circ/db1/d1/freq_reg[7]_P  |                                               | ts/t3/circ/db1/d1/freq_reg[7]_C              |                1 |              1 |
|  ts/t3/circ/db1/d1/freq_reg[8]_P  |                                               | ts/t3/circ/db1/d1/freq_reg[8]_C              |                1 |              1 |
|  ts/t3/circ/db1/d1/freq_reg[9]_P  |                                               | ts/t3/circ/db1/d1/freq_reg[9]_C              |                1 |              1 |
|  tsn_0_15207_BUFG                 |                                               | ts/t2/db1/d0/state_reg[4]_P                  |                1 |              1 |
|  tsn_0_15207_BUFG                 |                                               | ts/t2/db1/d0/state_reg[5]_C                  |                1 |              1 |
|  tsn_0_15207_BUFG                 |                                               | ts/t2/db1/d0/state_reg[5]_P                  |                1 |              1 |
|  tsn_0_15207_BUFG                 |                                               | ts/t2/db1/d0/state_reg[6]_C                  |                1 |              1 |
|  tsn_0_15207_BUFG                 |                                               | ts/t2/db1/d0/state_reg[6]_P                  |                1 |              1 |
|  tsn_0_15207_BUFG                 |                                               | ts/t2/db1/d0/state_reg[7]_C                  |                1 |              1 |
|  tsn_0_15207_BUFG                 |                                               | ts/t2/db1/d0/state_reg[7]_P                  |                1 |              1 |
|  tsn_0_15207_BUFG                 |                                               | ts/t2/db1/d0/state_reg[8]_C                  |                1 |              1 |
|  tsn_0_15207_BUFG                 |                                               | ts/t2/db1/d0/state_reg[8]_P                  |                1 |              1 |
|  tsn_0_15207_BUFG                 |                                               | ts/t2/db1/d0/state_reg[9]_C                  |                1 |              1 |
|  tsn_0_15207_BUFG                 |                                               | ts/t2/db1/d0/state_reg[9]_P                  |                1 |              1 |
|  circn_0_8384_BUFG                |                                               | ts/t3/circ/db1/d1/freq_reg[15]_P             |                1 |              1 |
|  circn_0_8384_BUFG                |                                               | ts/t3/circ/db1/d1/freq_reg[0]_C              |                1 |              1 |
|  circn_0_8384_BUFG                |                                               | ts/t3/circ/db1/d1/freq_reg[0]_P              |                1 |              1 |
|  circn_0_8384_BUFG                |                                               | ts/t3/circ/db1/d1/freq_reg[10]_C             |                1 |              1 |
|  circn_0_8384_BUFG                |                                               | ts/t3/circ/db1/d1/freq_reg[10]_P             |                1 |              1 |
|  circn_0_8384_BUFG                |                                               | ts/t3/circ/db1/d1/freq_reg[11]_C             |                1 |              1 |
|  circn_0_8384_BUFG                |                                               | ts/t3/circ/db1/d1/freq_reg[11]_P             |                1 |              1 |
|  circn_0_8384_BUFG                |                                               | ts/t3/circ/db1/d1/freq_reg[12]_C             |                1 |              1 |
|  circn_0_8384_BUFG                |                                               | ts/t3/circ/db1/d1/freq_reg[12]_P             |                1 |              1 |
|  circn_0_8384_BUFG                |                                               | ts/t3/circ/db1/d1/freq_reg[13]_C             |                1 |              1 |
|  circn_0_8384_BUFG                |                                               | ts/t3/circ/db1/d1/freq_reg[13]_P             |                1 |              1 |
|  circn_0_8384_BUFG                |                                               | ts/t3/circ/db1/d1/freq_reg[14]_C             |                1 |              1 |
|  circn_0_8384_BUFG                |                                               | ts/t3/circ/db1/d1/freq_reg[14]_P             |                1 |              1 |
|  circn_0_8384_BUFG                |                                               | ts/t3/circ/db1/d1/freq_reg[15]_C             |                1 |              1 |
|  circn_0_8384_BUFG                |                                               | ts/t3/circ/db1/d1/freq_reg[16]_C             |                1 |              1 |
|  circn_0_8384_BUFG                |                                               | ts/t3/circ/db1/d1/freq_reg[16]_P             |                1 |              1 |
|  circn_0_8384_BUFG                |                                               | ts/t3/circ/db1/d1/freq_reg[17]_C             |                1 |              1 |
|  circn_0_8384_BUFG                |                                               | ts/t3/circ/db1/d1/freq_reg[17]_P             |                1 |              1 |
|  circn_0_8384_BUFG                |                                               | ts/t3/circ/db1/d1/freq_reg[18]_C             |                1 |              1 |
|  circn_0_8384_BUFG                |                                               | ts/t3/circ/db1/d1/freq_reg[18]_P             |                1 |              1 |
|  circn_0_8384_BUFG                |                                               | ts/t3/circ/db1/d1/freq_reg[19]_C             |                1 |              1 |
|  circn_0_8384_BUFG                |                                               | ts/t3/circ/db1/d1/freq_reg[19]_P             |                1 |              1 |
|  circn_0_8384_BUFG                |                                               | ts/t3/circ/db1/d1/freq_reg[1]_C              |                1 |              1 |
|  circn_0_8384_BUFG                |                                               | ts/t3/circ/db1/d1/freq_reg[1]_P              |                1 |              1 |
|  circn_0_8384_BUFG                |                                               | ts/t3/circ/db1/d1/freq_reg[20]_C             |                1 |              1 |
|  circn_0_8384_BUFG                |                                               | ts/t3/circ/db1/d1/freq_reg[20]_P             |                1 |              1 |
|  circn_0_8384_BUFG                |                                               | ts/t3/circ/db1/d1/freq_reg[21]_C             |                1 |              1 |
|  circn_0_8384_BUFG                |                                               | ts/t3/circ/db1/d1/freq_reg[21]_P             |                1 |              1 |
|  circn_0_8384_BUFG                |                                               | ts/t3/circ/db1/d1/freq_reg[22]_C             |                1 |              1 |
|  circn_0_8384_BUFG                |                                               | ts/t3/circ/db1/d1/freq_reg[22]_P             |                1 |              1 |
|  circn_0_8384_BUFG                |                                               | ts/t3/circ/db1/d1/freq_reg[23]_C             |                1 |              1 |
|  circn_0_8384_BUFG                |                                               | ts/t3/circ/db1/d1/freq_reg[23]_P             |                1 |              1 |
|  circn_0_8384_BUFG                |                                               | ts/t3/circ/db1/d1/freq_reg[24]_C             |                1 |              1 |
|  circn_0_8384_BUFG                |                                               | ts/t3/circ/db1/d1/freq_reg[24]_P             |                1 |              1 |
|  circn_0_8384_BUFG                |                                               | ts/t3/circ/db1/d1/freq_reg[25]_C             |                1 |              1 |
|  circn_0_8384_BUFG                |                                               | ts/t3/circ/db1/d1/freq_reg[25]_P             |                1 |              1 |
|  circn_0_8384_BUFG                |                                               | ts/t3/circ/db1/d1/freq_reg[26]_C             |                1 |              1 |
|  circn_0_8384_BUFG                |                                               | ts/t3/circ/db1/d1/freq_reg[26]_P             |                1 |              1 |
|  circn_0_8384_BUFG                |                                               | ts/t3/circ/db1/d1/freq_reg[27]_C             |                1 |              1 |
|  circn_0_8384_BUFG                |                                               | ts/t3/circ/db1/d1/freq_reg[27]_P             |                1 |              1 |
|  circn_0_8384_BUFG                |                                               | ts/t3/circ/db1/d1/freq_reg[28]_C             |                1 |              1 |
|  circn_0_8384_BUFG                |                                               | ts/t3/circ/db1/d1/freq_reg[28]_P             |                1 |              1 |
|  circn_0_8384_BUFG                |                                               | ts/t3/circ/db1/d1/freq_reg[29]_C             |                1 |              1 |
|  circn_0_8384_BUFG                |                                               | ts/t3/circ/db1/d1/freq_reg[29]_P             |                1 |              1 |
|  circn_0_8384_BUFG                |                                               | ts/t3/circ/db1/d1/freq_reg[2]_C              |                1 |              1 |
|  circn_0_8384_BUFG                |                                               | ts/t3/circ/db1/d1/freq_reg[2]_P              |                1 |              1 |
|  circn_0_8384_BUFG                |                                               | ts/t3/circ/db1/d1/freq_reg[30]_C             |                1 |              1 |
|  circn_0_8384_BUFG                |                                               | ts/t3/circ/db1/d1/freq_reg[30]_P             |                1 |              1 |
|  circn_0_8384_BUFG                |                                               | ts/t3/circ/db1/d1/freq_reg[31]_C             |                1 |              1 |
|  circn_0_8384_BUFG                |                                               | ts/t3/circ/db1/d1/freq_reg[31]_P             |                1 |              1 |
|  circn_0_8384_BUFG                |                                               | ts/t3/circ/db1/d1/freq_reg[3]_C              |                1 |              1 |
|  circn_0_8384_BUFG                |                                               | ts/t3/circ/db1/d1/freq_reg[3]_P              |                1 |              1 |
|  circn_0_8384_BUFG                |                                               | ts/t3/circ/db1/d1/freq_reg[4]_C              |                1 |              1 |
|  circn_0_8384_BUFG                |                                               | ts/t3/circ/db1/d1/freq_reg[4]_P              |                1 |              1 |
|  tsn_0_15207_BUFG                 |                                               | ts/t2/db1/d0/state_reg[28]_C                 |                1 |              1 |
|  circn_0_8384_BUFG                |                                               | ts/t3/circ/db1/d1/freq_reg[5]_C              |                1 |              1 |
|  circn_0_8384_BUFG                |                                               | ts/t3/circ/db1/d1/freq_reg[5]_P              |                1 |              1 |
|  circn_0_8384_BUFG                |                                               | ts/t3/circ/db1/d1/freq_reg[6]_C              |                1 |              1 |
|  circn_0_8384_BUFG                |                                               | ts/t3/circ/db1/d1/freq_reg[6]_P              |                1 |              1 |
|  circn_0_8384_BUFG                |                                               | ts/t3/circ/db1/d1/freq_reg[7]_C              |                1 |              1 |
|  circn_0_8384_BUFG                |                                               | ts/t3/circ/db1/d1/freq_reg[7]_P              |                1 |              1 |
|  circn_0_8384_BUFG                |                                               | ts/t3/circ/db1/d1/freq_reg[8]_C              |                1 |              1 |
|  circn_0_8384_BUFG                |                                               | ts/t3/circ/db1/d1/freq_reg[8]_P              |                1 |              1 |
|  circn_0_8384_BUFG                |                                               | ts/t3/circ/db1/d1/freq_reg[9]_C              |                1 |              1 |
|  tsn_0_15207_BUFG                 |                                               | ts/t2/db1/d0/state_reg[0]_C                  |                1 |              1 |
|  tsn_0_15207_BUFG                 |                                               | ts/t2/db1/d0/state_reg[0]_P                  |                1 |              1 |
|  tsn_0_15207_BUFG                 |                                               | ts/t2/db1/d0/state_reg[11]_C                 |                1 |              1 |
|  tsn_0_15207_BUFG                 |                                               | ts/t2/db1/d0/state_reg[10]_C                 |                1 |              1 |
|  tsn_0_15207_BUFG                 |                                               | ts/t2/db1/d0/state_reg[10]_P                 |                1 |              1 |
|  tsn_0_15207_BUFG                 |                                               | ts/t2/db1/d0/state_reg[11]_P                 |                1 |              1 |
|  tsn_0_15207_BUFG                 |                                               | ts/t2/db1/d0/state_reg[12]_C                 |                1 |              1 |
|  tsn_0_15207_BUFG                 |                                               | ts/t2/db1/d0/state_reg[12]_P                 |                1 |              1 |
|  tsn_0_15207_BUFG                 |                                               | ts/t2/db1/d0/state_reg[13]_C                 |                1 |              1 |
|  tsn_0_15207_BUFG                 |                                               | ts/t2/db1/d0/state_reg[13]_P                 |                1 |              1 |
|  tsn_0_15207_BUFG                 |                                               | ts/t2/db1/d0/state_reg[14]_C                 |                1 |              1 |
|  tsn_0_15207_BUFG                 |                                               | ts/t2/db1/d0/state_reg[14]_P                 |                1 |              1 |
|  tsn_0_15207_BUFG                 |                                               | ts/t2/db1/d0/state_reg[15]_C                 |                1 |              1 |
|  tsn_0_15207_BUFG                 |                                               | ts/t2/db1/d0/state_reg[15]_P                 |                1 |              1 |
|  tsn_0_15207_BUFG                 |                                               | ts/t2/db1/d0/state_reg[16]_C                 |                1 |              1 |
|  tsn_0_15207_BUFG                 |                                               | ts/t2/db1/d0/state_reg[16]_P                 |                1 |              1 |
|  tsn_0_15207_BUFG                 |                                               | ts/t2/db1/d0/state_reg[17]_C                 |                1 |              1 |
|  tsn_0_15207_BUFG                 |                                               | ts/t2/db1/d0/state_reg[17]_P                 |                1 |              1 |
|  tsn_0_15207_BUFG                 |                                               | ts/t2/db1/d0/state_reg[18]_C                 |                1 |              1 |
|  tsn_0_15207_BUFG                 |                                               | ts/t2/db1/d0/state_reg[18]_P                 |                1 |              1 |
|  tsn_0_15207_BUFG                 |                                               | ts/t2/db1/d0/state_reg[19]_C                 |                1 |              1 |
|  tsn_0_15207_BUFG                 |                                               | ts/t2/db1/d0/state_reg[19]_P                 |                1 |              1 |
|  tsn_0_15207_BUFG                 |                                               | ts/t2/db1/d0/state_reg[1]_C                  |                1 |              1 |
|  tsn_0_15207_BUFG                 |                                               | ts/t2/db1/d0/state_reg[1]_P                  |                1 |              1 |
|  tsn_0_15207_BUFG                 |                                               | ts/t2/db1/d0/state_reg[20]_C                 |                1 |              1 |
|  tsn_0_15207_BUFG                 |                                               | ts/t2/db1/d0/state_reg[20]_P                 |                1 |              1 |
|  tsn_0_15207_BUFG                 |                                               | ts/t2/db1/d0/state_reg[21]_C                 |                1 |              1 |
|  tsn_0_15207_BUFG                 |                                               | ts/t2/db1/d0/state_reg[21]_P                 |                1 |              1 |
|  tsn_0_15207_BUFG                 |                                               | ts/t2/db1/d0/state_reg[22]_C                 |                1 |              1 |
|  tsn_0_15207_BUFG                 |                                               | ts/t2/db1/d0/state_reg[22]_P                 |                1 |              1 |
|  tsn_0_15207_BUFG                 |                                               | ts/t2/db1/d0/state_reg[23]_C                 |                1 |              1 |
|  tsn_0_15207_BUFG                 |                                               | ts/t2/db1/d0/state_reg[23]_P                 |                1 |              1 |
|  tsn_0_15207_BUFG                 |                                               | ts/t2/db1/d0/state_reg[24]_C                 |                1 |              1 |
|  u2/CLK                           |                                               |                                              |                1 |              2 |
|  u2/CLK                           | u2/shiftCounter[3]_i_1_n_0                    | u2/temp1[15]_i_1_n_0                         |                1 |              4 |
|  ts/t2/fc1/mtc/slow_clock         |                                               |                                              |                2 |              4 |
|  ts/t3/circ/fc1/mtc/slow_clock    |                                               |                                              |                2 |              4 |
|  u2/CLK                           | u2/temp2                                      | u2/temp1[15]_i_1_n_0                         |                2 |              5 |
|  ts/mpt/ah2/cc2b100h/mtc/CLK      |                                               |                                              |                1 |              5 |
|  ts/mpt/al2/cc2b100l/mtc/CLK      |                                               |                                              |                1 |              5 |
|  ts/mpt/ao2/cc2b300off/mtc/CLK    |                                               |                                              |                2 |              6 |
|  ts/mpt/ah2/cc2b100h/mtc/CLK      | ts/mpt/ah2/segtwobout_h[6]_i_2_n_0            | ts/mpt/ah2/segtwobout_h0                     |                1 |              7 |
|  ts/mpt/al2/cc2b100l/mtc/CLK      | ts/mpt/al2/segtwobout_l[6]_i_2_n_0            | ts/mpt/al2/segtwobout_l0                     |                1 |              7 |
|  mpt/ah2/clk_20k2bh               | ts/mpt/ah2/clear                              |                                              |                4 |              8 |
|  mpt/al2/clk_20k2bl               | ts/mpt/al2/RSTP                               |                                              |                5 |              8 |
|  CLK_IBUF_BUFG                    |                                               | ts/seg_inter[6]_i_1_n_0                      |                7 |             11 |
|  CLK_IBUF_BUFG                    | ts/mpt/antwobout[3]_i_1_n_0                   |                                              |                5 |             11 |
|  u2/CLK                           | u2/temp2                                      |                                              |                4 |             12 |
|  cc20k/mtc/J_MIC3_Pin1_OBUF       |                                               |                                              |               10 |             12 |
|  fc0/mtc/slow_clock               |                                               |                                              |                5 |             12 |
|  ts/mpo/ccview/mtc/CLK            |                                               |                                              |                9 |             12 |
|  ts/cc3b50k/mtc/clk_50k3b         |                                               | ts/taskthreeb/bincounter50k[12]_i_1_n_0      |                3 |             12 |
| ~u1/J_MIC3_Pin4_OBUF              |                                               |                                              |                8 |             12 |
|  ts/cc3b30k/mtc/clk_30k3b         |                                               | ts/taskthreeb/bincounter30k[12]_i_1_n_0      |                3 |             12 |
|  ts/cc3b20k/mtc/clk_20k3b         |                                               | ts/taskthreeb/bincounter20k[12]_i_1_n_0      |                3 |             12 |
|  CLK_IBUF_BUFG                    |                                               | cc20k/mtc/J_MIC3_Pin1_OBUF                   |                3 |             12 |
|  mpt/ah2/clk_20k2bh               | u1/E[0]                                       | ts/mpt/ah2/clear                             |                6 |             12 |
|  CLK_IBUF_BUFG                    | ts/taskthreeb/p_0_in_1                        |                                              |                6 |             13 |
|  ex/game_speed_inter              | ts/ex/nolabel_line48/rng/score_holder_reg[14] | ts/ex/nolabel_line48/rng/third_rand_reg[0]_0 |                4 |             15 |
|  ts/t2/gs21/fc/mtc/output_clock   |                                               |                                              |                5 |             16 |
|  ts/t2/gs22/fc/mtc/output_clock   |                                               |                                              |                7 |             16 |
|  ts/t2/gs23/fc/mtc/output_clock   |                                               |                                              |                6 |             16 |
|  ts/t2/gs17/fc/mtc/output_clock   |                                               |                                              |                7 |             16 |
|  ts/t2/gs18/fc/mtc/output_clock   |                                               |                                              |                7 |             16 |
|  ts/t2/gs2/fc/mtc/output_clock    |                                               |                                              |                4 |             16 |
|  ts/t2/gs20/fc/mtc/output_clock   |                                               |                                              |                6 |             16 |
|  ts/t2/gs10/fc/mtc/output_clock   |                                               |                                              |                6 |             16 |
|  ts/t2/gs11/fc/mtc/output_clock   |                                               |                                              |                6 |             16 |
|  ts/t2/gs12/fc/mtc/output_clock   |                                               |                                              |                7 |             16 |
|  ts/t2/gs13/fc/mtc/output_clock   |                                               |                                              |                6 |             16 |
|  ts/t2/gs49/fc/mtc/output_clock   |                                               |                                              |                7 |             16 |
|  ts/t2/gs5/fc/mtc/output_clock    |                                               |                                              |                8 |             16 |
|  ts/t2/gs50/fc/mtc/output_clock   |                                               |                                              |                7 |             16 |
|  ts/t2/gs51/fc/mtc/output_clock   |                                               |                                              |                6 |             16 |
|  ts/t2/gs52/fc/mtc/output_clock   |                                               |                                              |                7 |             16 |
|  ts/t2/gs53/fc/mtc/output_clock   |                                               |                                              |                7 |             16 |
|  ts/t2/gs54/fc/mtc/output_clock   |                                               |                                              |                4 |             16 |
|  ts/t2/gs32/fc/mtc/output_clock   |                                               |                                              |                4 |             16 |
|  ts/t2/gs33/fc/mtc/output_clock   |                                               |                                              |                7 |             16 |
|  ts/t2/gs29/fc/mtc/output_clock   |                                               |                                              |                5 |             16 |
|  ts/t2/gs3/fc/mtc/output_clock    |                                               |                                              |                6 |             16 |
|  ts/t2/gs30/fc/mtc/output_clock   |                                               |                                              |                7 |             16 |
|  ts/t2/gs27/fc/mtc/output_clock   |                                               |                                              |                6 |             16 |
|  ts/t2/gs28/fc/mtc/output_clock   |                                               |                                              |                5 |             16 |
|  ts/t2/gs46/fc/mtc/output_clock   |                                               |                                              |                6 |             16 |
|  ts/t2/gs47/fc/mtc/output_clock   |                                               |                                              |                5 |             16 |
|  ts/t2/gs48/fc/mtc/output_clock   |                                               |                                              |                5 |             16 |
|  ts/t2/gs41/fc/mtc/output_clock   |                                               |                                              |                5 |             16 |
|  ts/t2/gs42/fc/mtc/output_clock   |                                               |                                              |                4 |             16 |
|  ts/t2/gs44/fc/mtc/output_clock   |                                               |                                              |                6 |             16 |
|  ts/t2/gs45/fc/mtc/output_clock   |                                               |                                              |                5 |             16 |
|  ts/t2/gs39/fc/mtc/output_clock   |                                               |                                              |                6 |             16 |
|  ts/t2/gs4/fc/mtc/output_clock    |                                               |                                              |                7 |             16 |
|  ts/t2/gs40/fc/mtc/output_clock   |                                               |                                              |                6 |             16 |
|  ts/t2/gs37/fc/mtc/output_clock   |                                               |                                              |                6 |             16 |
|  ts/t2/gs38/fc/mtc/output_clock   |                                               |                                              |                6 |             16 |
|  ts/t2/gs14/fc/mtc/output_clock   |                                               |                                              |                4 |             16 |
|  ts/t2/gs73/fc/mtc/output_clock   |                                               |                                              |                7 |             16 |
|  ts/t2/gs74/fc/mtc/output_clock   |                                               |                                              |                7 |             16 |
|  ts/t2/gs75/fc/mtc/output_clock   |                                               |                                              |                5 |             16 |
|  ts/t2/gs69/fc/mtc/output_clock   |                                               |                                              |                8 |             16 |
|  ts/t2/gs70/fc/mtc/output_clock   |                                               |                                              |                7 |             16 |
|  ts/t2/gs71/fc/mtc/output_clock   |                                               |                                              |                5 |             16 |
|  ts/t2/gs72/fc/mtc/output_clock   |                                               |                                              |                4 |             16 |
|  ts/t2/gs65/fc/mtc/output_clock   |                                               |                                              |                5 |             16 |
|  ts/t2/gs66/fc/mtc/output_clock   |                                               |                                              |                5 |             16 |
|  ts/t2/gs68/fc/mtc/output_clock   |                                               |                                              |                7 |             16 |
|  ts/t2/gs62/fc/mtc/output_clock   |                                               |                                              |                5 |             16 |
|  ts/t2/gs63/fc/mtc/output_clock   |                                               |                                              |                5 |             16 |
|  ts/t2/gs64/fc/mtc/output_clock   |                                               |                                              |                6 |             16 |
|  ts/t2/gs59/fc/mtc/output_clock   |                                               |                                              |                9 |             16 |
|  ts/t2/gs6/fc/mtc/output_clock    |                                               |                                              |               10 |             16 |
|  ts/t2/gs60/fc/mtc/output_clock   |                                               |                                              |                5 |             16 |
|  ts/t2/gs61/fc/mtc/output_clock   |                                               |                                              |                6 |             16 |
|  ts/t2/gs15/fc/mtc/output_clock   |                                               |                                              |                8 |             16 |
|  ts/t2/gs57/fc/mtc/output_clock   |                                               |                                              |                7 |             16 |
|  ts/t2/gs58/fc/mtc/output_clock   |                                               |                                              |                7 |             16 |
|  ts/t2/gs78/fc/mtc/output_clock   |                                               |                                              |                4 |             16 |
|  ts/t2/gs80/fc/mtc/output_clock   |                                               |                                              |                4 |             16 |
|  ts/t2/gs76/fc/mtc/output_clock   |                                               |                                              |                4 |             16 |
|  ts/t2/gs77/fc/mtc/output_clock   |                                               |                                              |                8 |             16 |
|  ts/t2/gs81/fc/mtc/output_clock   |                                               |                                              |                6 |             16 |
|  ts/t2/gs82/fc/mtc/output_clock   |                                               |                                              |                6 |             16 |
|  ts/t2/gs83/fc/mtc/output_clock   |                                               |                                              |                7 |             16 |
|  ts/t2/gs84/fc/mtc/output_clock   |                                               |                                              |                6 |             16 |
|  ts/t2/gs85/fc/mtc/output_clock   |                                               |                                              |                6 |             16 |
|  ts/t2/gs9/fc/mtc/output_clock    |                                               |                                              |                4 |             16 |
|  ts/t2/gs56/fc/mtc/output_clock   |                                               |                                              |                8 |             16 |
|  ts/t2/gs16/fc/mtc/output_clock   |                                               |                                              |                5 |             16 |
|  ts/t2/gs24/fc/mtc/output_clock   |                                               |                                              |                4 |             16 |
|  ts/t2/gs25/fc/mtc/output_clock   |                                               |                                              |                5 |             16 |
|  CLK_IBUF_BUFG                    | ts/mpt/led_display[15]_i_2_n_0                | ts/mpt/led_display[15]_i_1_n_0               |               12 |             16 |
|  mpt/ah2/clk_20k2bh               |                                               |                                              |               10 |             16 |
|  ts/t2/gs26/fc/mtc/output_clock   |                                               |                                              |                7 |             16 |
|  ts/t2/gs34/fc/mtc/output_clock   |                                               |                                              |                5 |             16 |
|  mpt/al2/clk_20k2bl               |                                               |                                              |               12 |             16 |
|  ts/t2/gs35/fc/mtc/output_clock   |                                               |                                              |                7 |             16 |
|  ex/game_speed_inter              |                                               | ts/ex/nolabel_line48/rng/third_rand_reg[0]_0 |                5 |             16 |
|  ts/t2/gs36/fc/mtc/output_clock   |                                               |                                              |                5 |             16 |
|  ts/t2/gs8/fc/mtc/output_clock    |                                               |                                              |                6 |             16 |
|  CLK_IBUF_BUFG                    |                                               | sw_IBUF[3]                                   |               19 |             28 |
|  CLK_IBUF_BUFG                    |                                               | ts/t3/circ/fc/mtc/clear                      |                8 |             32 |
|  CLK_IBUF_BUFG                    |                                               | ts/t3/circ/fc1/mtc/clear                     |                8 |             32 |
|  t3/circ/slower_clk               |                                               | ts/t3/circ/clear                             |                9 |             32 |
|  CLK_IBUF_BUFG                    |                                               | ts/t2/gs74/fc/mtc/clear                      |                8 |             32 |
|  CLK_IBUF_BUFG                    |                                               | ts/t2/gs75/fc/mtc/clear                      |                8 |             32 |
|  CLK_IBUF_BUFG                    |                                               | ts/t2/gs69/fc/mtc/clear                      |                8 |             32 |
|  CLK_IBUF_BUFG                    |                                               | ts/t2/gs70/fc/mtc/clear                      |                8 |             32 |
|  CLK_IBUF_BUFG                    |                                               | ts/t2/gs71/fc/mtc/clear                      |                8 |             32 |
|  CLK_IBUF_BUFG                    |                                               | ts/t2/gs72/fc/mtc/clear                      |                8 |             32 |
|  CLK_IBUF_BUFG                    |                                               | ts/t2/gs65/fc/mtc/clear                      |                8 |             32 |
|  CLK_IBUF_BUFG                    |                                               | ts/t2/gs66/fc/mtc/clear                      |                8 |             32 |
|  CLK_IBUF_BUFG                    |                                               | ts/t2/gs68/fc/mtc/clear                      |                8 |             32 |
|  CLK_IBUF_BUFG                    |                                               | ts/t2/gs62/fc/mtc/clear                      |                8 |             32 |
|  CLK_IBUF_BUFG                    |                                               | ts/t2/gs63/fc/mtc/clear                      |                8 |             32 |
|  CLK_IBUF_BUFG                    |                                               | ts/t2/gs64/fc/mtc/clear                      |                8 |             32 |
|  CLK_IBUF_BUFG                    |                                               | ts/t2/gs59/fc/mtc/clear                      |                8 |             32 |
|  CLK_IBUF_BUFG                    |                                               | ts/t2/gs6/fc/mtc/clear                       |                8 |             32 |
|  CLK_IBUF_BUFG                    |                                               | ts/t2/gs60/fc/mtc/clear                      |                8 |             32 |
|  CLK_IBUF_BUFG                    |                                               | ts/t2/gs61/fc/mtc/clear                      |                8 |             32 |
|  CLK_IBUF_BUFG                    |                                               | ts/t2/gs56/fc/mtc/clear                      |                8 |             32 |
|  CLK_IBUF_BUFG                    |                                               | ts/t2/gs57/fc/mtc/clear                      |                8 |             32 |
|  CLK_IBUF_BUFG                    |                                               | ts/t2/gs58/fc/mtc/clear                      |                8 |             32 |
|  CLK_IBUF_BUFG                    |                                               | ts/t2/gs78/fc/mtc/clear                      |                8 |             32 |
|  CLK_IBUF_BUFG                    |                                               | ts/t2/gs8/fc/mtc/clear                       |                8 |             32 |
|  CLK_IBUF_BUFG                    |                                               | ts/t2/gs80/fc/mtc/clear                      |                8 |             32 |
|  CLK_IBUF_BUFG                    |                                               | ts/t2/gs76/fc/mtc/clear                      |                8 |             32 |
|  CLK_IBUF_BUFG                    |                                               | ts/t2/gs77/fc/mtc/clear                      |                8 |             32 |
|  CLK_IBUF_BUFG                    |                                               | ts/t3/fc0/mtc/clear                          |                8 |             32 |
|  CLK_IBUF_BUFG                    |                                               | ts/t2/gs81/fc/mtc/clear                      |                8 |             32 |
|  CLK_IBUF_BUFG                    |                                               | ts/t2/gs82/fc/mtc/clear                      |                8 |             32 |
|  CLK_IBUF_BUFG                    |                                               | ts/t2/gs83/fc/mtc/clear                      |                8 |             32 |
|  CLK_IBUF_BUFG                    |                                               | ts/t2/gs84/fc/mtc/clear                      |                8 |             32 |
|  CLK_IBUF_BUFG                    |                                               | ts/t2/gs85/fc/mtc/clear                      |                8 |             32 |
|  CLK_IBUF_BUFG                    |                                               | ts/t2/gs9/fc/mtc/clear                       |                8 |             32 |
|  CLK_IBUF_BUFG                    |                                               | ts/t2/gs27/fc/mtc/clear                      |                8 |             32 |
|  CLK_IBUF_BUFG                    |                                               | ts/t2/gs28/fc/mtc/clear                      |                8 |             32 |
|  CLK_IBUF_BUFG                    |                                               | ts/t2/gs46/fc/mtc/clear                      |                8 |             32 |
|  CLK_IBUF_BUFG                    |                                               | ts/t2/gs47/fc/mtc/clear                      |                8 |             32 |
|  CLK_IBUF_BUFG                    |                                               | ts/t2/gs48/fc/mtc/clear                      |                8 |             32 |
|  CLK_IBUF_BUFG                    |                                               | ts/t2/gs41/fc/mtc/clear                      |                8 |             32 |
|  mpt/ah2/clk_20k2bh               |                                               | ts/mpt/ah2/clear                             |                8 |             32 |
|  CLK_IBUF_BUFG                    |                                               | ts/t2/gs42/fc/mtc/clear                      |                8 |             32 |
|  CLK_IBUF_BUFG                    |                                               | ts/t2/gs44/fc/mtc/clear                      |                8 |             32 |
|  CLK_IBUF_BUFG                    |                                               | ts/t2/gs45/fc/mtc/clear                      |                8 |             32 |
|  CLK_IBUF_BUFG                    |                                               | ts/t2/gs39/fc/mtc/clear                      |                8 |             32 |
|  CLK_IBUF_BUFG                    |                                               | ts/t2/gs4/fc/mtc/clear                       |                8 |             32 |
|  CLK_IBUF_BUFG                    |                                               | ts/t2/gs40/fc/mtc/clear                      |                8 |             32 |
|  CLK_IBUF_BUFG                    |                                               | ts/t2/gs34/fc/mtc/clear                      |                8 |             32 |
|  CLK_IBUF_BUFG                    |                                               | cc2/mtc/clear                                |                8 |             32 |
|  CLK_IBUF_BUFG                    |                                               | ts/t2/gs37/fc/mtc/clear                      |                8 |             32 |
|  CLK_IBUF_BUFG                    |                                               | ts/t2/gs38/fc/mtc/clear                      |                8 |             32 |
|  CLK_IBUF_BUFG                    |                                               | cc20k/mtc/clear                              |                8 |             32 |
|  CLK_IBUF_BUFG                    |                                               | fc0/mtc/clear                                |                8 |             32 |
|  CLK_IBUF_BUFG                    |                                               | ts/ex/cdebug/mtc/clear                       |                8 |             32 |
|  CLK_IBUF_BUFG                    |                                               | ts/mpt/ah2/cc2b100h/mtc/clear                |                8 |             32 |
|  CLK_IBUF_BUFG                    |                                               | ts/mpt/ah2/cc2b20kh/mtc/clear                |                8 |             32 |
|  CLK_IBUF_BUFG                    |                                               | ts/mpo/ccview/mtc/clear                      |                8 |             32 |
|  CLK_IBUF_BUFG                    |                                               | ts/cc3b50k/mtc/clear                         |                8 |             32 |
|  CLK_IBUF_BUFG                    |                                               | ts/mpt/ao2/cc2b300off/mtc/clear              |                8 |             32 |
|  CLK_IBUF_BUFG                    |                                               | ts/cc3b30k/mtc/clear                         |                8 |             32 |
|  CLK_IBUF_BUFG                    |                                               | ts/cc3b20k/mtc/clear                         |                8 |             32 |
|  CLK_IBUF_BUFG                    |                                               | ts/mpt/al2/cc2b20kl/mtc/clear                |                8 |             32 |
|  CLK_IBUF_BUFG                    |                                               | ts/mpt/al2/cc2b100l/mtc/clear                |                8 |             32 |
|  CLK_IBUF_BUFG                    |                                               | ts/t2/gs14/fc/mtc/clear                      |                8 |             32 |
|  CLK_IBUF_BUFG                    |                                               | ts/t2/gs15/fc/mtc/clear                      |                8 |             32 |
|  CLK_IBUF_BUFG                    |                                               | ts/t2/gs16/fc/mtc/clear                      |                8 |             32 |
|  CLK_IBUF_BUFG                    |                                               | ts/t2/fc1/mtc/clear                          |                8 |             32 |
|  CLK_IBUF_BUFG                    |                                               | ts/ex/clvl1/mtc/clear                        |                8 |             32 |
|  CLK_IBUF_BUFG                    |                                               | ts/ex/clvl2/mtc/clear                        |                8 |             32 |
|  CLK_IBUF_BUFG                    |                                               | ts/ex/clvl3/mtc/clear                        |                8 |             32 |
|  CLK_IBUF_BUFG                    |                                               | ts/t2/gs24/fc/mtc/clear                      |                8 |             32 |
|  CLK_IBUF_BUFG                    |                                               | ts/t2/gs25/fc/mtc/clear                      |                8 |             32 |
|  CLK_IBUF_BUFG                    |                                               | ts/t2/gs26/fc/mtc/clear                      |                8 |             32 |
|  CLK_IBUF_BUFG                    |                                               | ts/t2/gs73/fc/mtc/clear                      |                8 |             32 |
|  CLK_IBUF_BUFG                    |                                               | ts/t2/gs35/fc/mtc/clear                      |                8 |             32 |
|  CLK_IBUF_BUFG                    |                                               | ts/t2/gs36/fc/mtc/clear                      |                8 |             32 |
|  CLK_IBUF_BUFG                    |                                               | ts/t2/gs21/fc/mtc/clear                      |                8 |             32 |
|  CLK_IBUF_BUFG                    |                                               | ts/t2/gs22/fc/mtc/clear                      |                8 |             32 |
|  CLK_IBUF_BUFG                    |                                               | ts/t2/gs23/fc/mtc/clear                      |                8 |             32 |
|  CLK_IBUF_BUFG                    |                                               | ts/t2/gs17/fc/mtc/clear                      |                8 |             32 |
|  CLK_IBUF_BUFG                    |                                               | ts/t2/gs18/fc/mtc/clear                      |                8 |             32 |
|  CLK_IBUF_BUFG                    |                                               | ts/t2/gs2/fc/mtc/clear                       |                8 |             32 |
|  CLK_IBUF_BUFG                    |                                               | ts/t2/gs20/fc/mtc/clear                      |                8 |             32 |
|  CLK_IBUF_BUFG                    |                                               | ts/t2/gs10/fc/mtc/clear                      |                8 |             32 |
|  CLK_IBUF_BUFG                    |                                               | ts/t2/gs11/fc/mtc/clear                      |                8 |             32 |
|  CLK_IBUF_BUFG                    |                                               | ts/t2/gs12/fc/mtc/clear                      |                8 |             32 |
|  CLK_IBUF_BUFG                    |                                               | ts/t2/gs13/fc/mtc/clear                      |                8 |             32 |
|  CLK_IBUF_BUFG                    |                                               | ts/t2/gs49/fc/mtc/clear                      |                8 |             32 |
|  CLK_IBUF_BUFG                    |                                               | ts/t2/gs5/fc/mtc/clear                       |                8 |             32 |
|  CLK_IBUF_BUFG                    |                                               | ts/t2/gs50/fc/mtc/clear                      |                8 |             32 |
|  CLK_IBUF_BUFG                    |                                               | ts/t2/gs51/fc/mtc/clear                      |                8 |             32 |
|  CLK_IBUF_BUFG                    |                                               | ts/t2/gs52/fc/mtc/clear                      |                8 |             32 |
|  CLK_IBUF_BUFG                    |                                               | ts/t2/gs53/fc/mtc/clear                      |                8 |             32 |
|  CLK_IBUF_BUFG                    |                                               | ts/t2/gs54/fc/mtc/clear                      |                8 |             32 |
|  CLK_IBUF_BUFG                    |                                               | ts/t2/gs32/fc/mtc/clear                      |                8 |             32 |
|  CLK_IBUF_BUFG                    |                                               | ts/t2/gs33/fc/mtc/clear                      |                8 |             32 |
|  CLK_IBUF_BUFG                    |                                               | ts/t2/gs29/fc/mtc/clear                      |                8 |             32 |
|  CLK_IBUF_BUFG                    |                                               | ts/t2/gs3/fc/mtc/clear                       |                8 |             32 |
|  CLK_IBUF_BUFG                    |                                               | ts/t2/gs30/fc/mtc/clear                      |                8 |             32 |
|  mpt/al2/clk_20k2bl               |                                               | ts/mpt/al2/RSTP                              |               12 |             43 |
|  t3/circ/slower_clk               | ts/t3/circ/read_reg_rep[13]_i_2_n_1           | ts/t3/circ/read                              |               13 |             46 |
|  CLK_IBUF_BUFG                    |                                               |                                              |              120 |            185 |
|  t3/clk_10k                       |                                               |                                              |              269 |            984 |
+-----------------------------------+-----------------------------------------------+----------------------------------------------+------------------+----------------+


+--------+-----------------------+
| Fanout | Number of ControlSets |
+--------+-----------------------+
| 1      |                   196 |
| 2      |                     1 |
| 4      |                     3 |
| 5      |                     3 |
| 6      |                     1 |
| 7      |                     2 |
| 8      |                     2 |
| 11     |                     2 |
| 12     |                    10 |
| 13     |                     1 |
| 15     |                     1 |
| 16+    |                   185 |
+--------+-----------------------+


